This is pdfTeX, Version 3.14159265-2.6-1.40.16 (TeX Live 2015/Debian) (preloaded format=pdflatex 2017.11.10)  3 APR 2018 23:24
entering extended mode
 restricted \write18 enabled.
 %&-line parsing enabled.
**grad-thesis.tex
(./grad-thesis.tex
LaTeX2e <2016/02/01>
Babel <3.9q> and hyphenation patterns for 3 language(s) loaded.
(./RUthesis.cls
Document Class: RUthesis 2012/09/08 v3.0 Ryerson University thesis class
(/usr/share/texlive/texmf-dist/tex/latex/graphics/graphics.sty
Package: graphics 2016/01/03 v1.0q Standard LaTeX Graphics (DPC,SPQR)

(/usr/share/texlive/texmf-dist/tex/latex/graphics/trig.sty
Package: trig 2016/01/03 v1.10 sin cos tan (DPC)
)
(/usr/share/texlive/texmf-dist/tex/latex/latexconfig/graphics.cfg
File: graphics.cfg 2010/04/23 v1.9 graphics configuration of TeX Live
)
Package graphics Info: Driver file: pdftex.def on input line 95.

(/usr/share/texlive/texmf-dist/tex/latex/pdftex-def/pdftex.def
File: pdftex.def 2011/05/27 v0.06d Graphics/color for pdfTeX

(/usr/share/texlive/texmf-dist/tex/generic/oberdiek/infwarerr.sty
Package: infwarerr 2010/04/08 v1.3 Providing info/warning/error messages (HO)
)
(/usr/share/texlive/texmf-dist/tex/generic/oberdiek/ltxcmds.sty
Package: ltxcmds 2011/11/09 v1.22 LaTeX kernel commands for general use (HO)
)
\Gread@gobject=\count79
))
(/usr/share/texlive/texmf-dist/tex/latex/setspace/setspace.sty
Package: setspace 2011/12/19 v6.7a set line spacing
)
(/usr/share/texlive/texmf-dist/tex/latex/fancyhdr/fancyhdr.sty
\fancy@headwidth=\skip41
\f@ncyO@elh=\skip42
\f@ncyO@erh=\skip43
\f@ncyO@olh=\skip44
\f@ncyO@orh=\skip45
\f@ncyO@elf=\skip46
\f@ncyO@erf=\skip47
\f@ncyO@olf=\skip48
\f@ncyO@orf=\skip49
)
(/usr/share/texlive/texmf-dist/tex/latex/base/ifthen.sty
Package: ifthen 2014/09/29 v1.1c Standard LaTeX ifthen package (DPC)
)
(/usr/share/texlive/texmf-dist/tex/latex/cite/cite.sty
LaTeX Info: Redefining \cite on input line 302.
LaTeX Info: Redefining \nocite on input line 332.
Package: cite 2015/02/27  v 5.5
)
(/usr/share/texlive/texmf-dist/tex/latex/base/book.cls
Document Class: book 2014/09/29 v1.4h Standard LaTeX document class
(/usr/share/texlive/texmf-dist/tex/latex/base/bk11.clo
File: bk11.clo 2014/09/29 v1.4h Standard LaTeX file (size option)
)
\c@part=\count80
\c@chapter=\count81
\c@section=\count82
\c@subsection=\count83
\c@subsubsection=\count84
\c@paragraph=\count85
\c@subparagraph=\count86
\c@figure=\count87
\c@table=\count88
\abovecaptionskip=\skip50
\belowcaptionskip=\skip51
\bibindent=\dimen102
)
\RUsignatureheight=\skip52
)
(/usr/share/texlive/texmf-dist/tex/latex/tools/xspace.sty
Package: xspace 2014/10/28 v1.13 Space after command names (DPC,MH)
)
(/usr/share/texlive/texmf-dist/tex/latex/amsmath/amsmath.sty
Package: amsmath 2016/03/03 v2.15a AMS math features
\@mathmargin=\skip53

For additional information on amsmath, use the `?' option.
(/usr/share/texlive/texmf-dist/tex/latex/amsmath/amstext.sty
Package: amstext 2000/06/29 v2.01 AMS text

(/usr/share/texlive/texmf-dist/tex/latex/amsmath/amsgen.sty
File: amsgen.sty 1999/11/30 v2.0 generic functions
\@emptytoks=\toks14
\ex@=\dimen103
))
(/usr/share/texlive/texmf-dist/tex/latex/amsmath/amsbsy.sty
Package: amsbsy 1999/11/29 v1.2d Bold Symbols
\pmbraise@=\dimen104
)
(/usr/share/texlive/texmf-dist/tex/latex/amsmath/amsopn.sty
Package: amsopn 1999/12/14 v2.01 operator names
)
\inf@bad=\count89
LaTeX Info: Redefining \frac on input line 199.
\uproot@=\count90
\leftroot@=\count91
LaTeX Info: Redefining \overline on input line 297.
\classnum@=\count92
\DOTSCASE@=\count93
LaTeX Info: Redefining \ldots on input line 394.
LaTeX Info: Redefining \dots on input line 397.
LaTeX Info: Redefining \cdots on input line 518.
\Mathstrutbox@=\box26
\strutbox@=\box27
\big@size=\dimen105
LaTeX Font Info:    Redeclaring font encoding OML on input line 630.
LaTeX Font Info:    Redeclaring font encoding OMS on input line 631.
\macc@depth=\count94
\c@MaxMatrixCols=\count95
\dotsspace@=\muskip10
\c@parentequation=\count96
\dspbrk@lvl=\count97
\tag@help=\toks15
\row@=\count98
\column@=\count99
\maxfields@=\count100
\andhelp@=\toks16
\eqnshift@=\dimen106
\alignsep@=\dimen107
\tagshift@=\dimen108
\tagwidth@=\dimen109
\totwidth@=\dimen110
\lineht@=\dimen111
\@envbody=\toks17
\multlinegap=\skip54
\multlinetaggap=\skip55
\mathdisplay@stack=\toks18
LaTeX Info: Redefining \[ on input line 2735.
LaTeX Info: Redefining \] on input line 2736.
)
(/usr/share/texlive/texmf-dist/tex/latex/amsfonts/amssymb.sty
Package: amssymb 2013/01/14 v3.01 AMS font symbols

(/usr/share/texlive/texmf-dist/tex/latex/amsfonts/amsfonts.sty
Package: amsfonts 2013/01/14 v3.01 Basic AMSFonts support
\symAMSa=\mathgroup4
\symAMSb=\mathgroup5
LaTeX Font Info:    Overwriting math alphabet `\mathfrak' in version `bold'
(Font)                  U/euf/m/n --> U/euf/b/n on input line 106.
))
(/usr/share/texlive/texmf-dist/tex/latex/SIunits/SIunits.sty
Package: SIunits 2007/12/02 v1.36 Support for the International System of units
 (MH)


\@qskwidth=\skip56
\symgreek=\mathgroup6
(/usr/share/texlive/texmf-dist/tex/latex/SIunits/SIunits.cfg)
Option `squaren' provided!
) (/usr/share/texlive/texmf-dist/tex/latex/hyperref/hyperref.sty
Package: hyperref 2012/11/06 v6.83m Hypertext links for LaTeX

(/usr/share/texlive/texmf-dist/tex/generic/oberdiek/hobsub-hyperref.sty
Package: hobsub-hyperref 2012/05/28 v1.13 Bundle oberdiek, subset hyperref (HO)


(/usr/share/texlive/texmf-dist/tex/generic/oberdiek/hobsub-generic.sty
Package: hobsub-generic 2012/05/28 v1.13 Bundle oberdiek, subset generic (HO)
Package: hobsub 2012/05/28 v1.13 Construct package bundles (HO)
Package hobsub Info: Skipping package `infwarerr' (already loaded).
Package hobsub Info: Skipping package `ltxcmds' (already loaded).
Package: ifluatex 2010/03/01 v1.3 Provides the ifluatex switch (HO)
Package ifluatex Info: LuaTeX not detected.
Package: ifvtex 2010/03/01 v1.5 Detect VTeX and its facilities (HO)
Package ifvtex Info: VTeX not detected.
Package: intcalc 2007/09/27 v1.1 Expandable calculations with integers (HO)
Package: ifpdf 2011/01/30 v2.3 Provides the ifpdf switch (HO)
Package ifpdf Info: pdfTeX in PDF mode is detected.
Package: etexcmds 2011/02/16 v1.5 Avoid name clashes with e-TeX commands (HO)
Package etexcmds Info: Could not find \expanded.
(etexcmds)             That can mean that you are not using pdfTeX 1.50 or
(etexcmds)             that some package has redefined \expanded.
(etexcmds)             In the latter case, load this package earlier.
Package: kvsetkeys 2012/04/25 v1.16 Key value parser (HO)
Package: kvdefinekeys 2011/04/07 v1.3 Define keys (HO)
Package: pdftexcmds 2011/11/29 v0.20 Utility functions of pdfTeX for LuaTeX (HO
)
Package pdftexcmds Info: LuaTeX not detected.
Package pdftexcmds Info: \pdf@primitive is available.
Package pdftexcmds Info: \pdf@ifprimitive is available.
Package pdftexcmds Info: \pdfdraftmode found.
Package: pdfescape 2011/11/25 v1.13 Implements pdfTeX's escape features (HO)
Package: bigintcalc 2012/04/08 v1.3 Expandable calculations on big integers (HO
)
Package: bitset 2011/01/30 v1.1 Handle bit-vector datatype (HO)
Package: uniquecounter 2011/01/30 v1.2 Provide unlimited unique counter (HO)
)
Package hobsub Info: Skipping package `hobsub' (already loaded).
Package: letltxmacro 2010/09/02 v1.4 Let assignment for LaTeX macros (HO)
Package: hopatch 2012/05/28 v1.2 Wrapper for package hooks (HO)
Package: xcolor-patch 2011/01/30 xcolor patch
Package: atveryend 2011/06/30 v1.8 Hooks at the very end of document (HO)
Package atveryend Info: \enddocument detected (standard20110627).
Package: atbegshi 2011/10/05 v1.16 At begin shipout hook (HO)
Package: refcount 2011/10/16 v3.4 Data extraction from label references (HO)
Package: hycolor 2011/01/30 v1.7 Color options for hyperref/bookmark (HO)
)
(/usr/share/texlive/texmf-dist/tex/latex/graphics/keyval.sty
Package: keyval 2014/10/28 v1.15 key=value parser (DPC)
\KV@toks@=\toks19
)
(/usr/share/texlive/texmf-dist/tex/generic/ifxetex/ifxetex.sty
Package: ifxetex 2010/09/12 v0.6 Provides ifxetex conditional
)
(/usr/share/texlive/texmf-dist/tex/latex/oberdiek/auxhook.sty
Package: auxhook 2011/03/04 v1.3 Hooks for auxiliary files (HO)
)
(/usr/share/texlive/texmf-dist/tex/latex/oberdiek/kvoptions.sty
Package: kvoptions 2011/06/30 v3.11 Key value format for package options (HO)
)
\@linkdim=\dimen112
\Hy@linkcounter=\count101
\Hy@pagecounter=\count102

(/usr/share/texlive/texmf-dist/tex/latex/hyperref/pd1enc.def
File: pd1enc.def 2012/11/06 v6.83m Hyperref: PDFDocEncoding definition (HO)
)
\Hy@SavedSpaceFactor=\count103

(/usr/share/texlive/texmf-dist/tex/latex/latexconfig/hyperref.cfg
File: hyperref.cfg 2002/06/06 v1.2 hyperref configuration of TeXLive
)
Package hyperref Info: Hyper figures OFF on input line 4443.
Package hyperref Info: Link nesting OFF on input line 4448.
Package hyperref Info: Hyper index ON on input line 4451.
Package hyperref Info: Plain pages OFF on input line 4458.
Package hyperref Info: Backreferencing OFF on input line 4463.
Package hyperref Info: Implicit mode ON; LaTeX internals redefined.
Package hyperref Info: Bookmarks ON on input line 4688.
\c@Hy@tempcnt=\count104

(/usr/share/texlive/texmf-dist/tex/latex/url/url.sty
\Urlmuskip=\muskip11
Package: url 2013/09/16  ver 3.4  Verb mode for urls, etc.
)
LaTeX Info: Redefining \url on input line 5041.
\XeTeXLinkMargin=\dimen113
\Fld@menulength=\count105
\Field@Width=\dimen114
\Fld@charsize=\dimen115
Package hyperref Info: Hyper figures OFF on input line 6295.
Package hyperref Info: Link nesting OFF on input line 6300.
Package hyperref Info: Hyper index ON on input line 6303.
Package hyperref Info: backreferencing OFF on input line 6310.
Package hyperref Info: Link coloring OFF on input line 6315.
Package hyperref Info: Link coloring with OCG OFF on input line 6320.
Package hyperref Info: PDF/A mode OFF on input line 6325.
LaTeX Info: Redefining \ref on input line 6365.
LaTeX Info: Redefining \pageref on input line 6369.
\Hy@abspage=\count106
\c@Item=\count107
\c@Hfootnote=\count108
)

Package hyperref Message: Driver (autodetected): hpdftex.

(/usr/share/texlive/texmf-dist/tex/latex/hyperref/hpdftex.def
File: hpdftex.def 2012/11/06 v6.83m Hyperref driver for pdfTeX
\Fld@listcount=\count109
\c@bookmark@seq@number=\count110

(/usr/share/texlive/texmf-dist/tex/latex/oberdiek/rerunfilecheck.sty
Package: rerunfilecheck 2011/04/15 v1.7 Rerun checks for auxiliary files (HO)
Package uniquecounter Info: New unique counter `rerunfilecheck' on input line 2
82.
)
\Hy@SectionHShift=\skip57
)
(/usr/share/texlive/texmf-dist/tex/latex/algorithms/algorithm.sty
Package: algorithm 2009/08/24 v0.1 Document Style `algorithm' - floating enviro
nment

(/usr/share/texlive/texmf-dist/tex/latex/float/float.sty
Package: float 2001/11/08 v1.3d Float enhancements (AL)
\c@float@type=\count111
\float@exts=\toks20
\float@box=\box28
\@float@everytoks=\toks21
\@floatcapt=\box29
)
\@float@every@algorithm=\toks22
\c@algorithm=\count112
)
(/usr/share/texlive/texmf-dist/tex/latex/algorithmicx/algpseudocode.sty
Package: algpseudocode 

(/usr/share/texlive/texmf-dist/tex/latex/algorithmicx/algorithmicx.sty
Package: algorithmicx 2005/04/27 v1.2 Algorithmicx

Document Style algorithmicx 1.2 - a greatly improved `algorithmic' style
\c@ALG@line=\count113
\c@ALG@rem=\count114
\c@ALG@nested=\count115
\ALG@tlm=\skip58
\ALG@thistlm=\skip59
\c@ALG@Lnr=\count116
\c@ALG@blocknr=\count117
\c@ALG@storecount=\count118
\c@ALG@tmpcounter=\count119
\ALG@tmplength=\skip60
)
Document Style - pseudocode environments for use with the `algorithmicx' style
) (/usr/share/texlive/texmf-dist/tex/latex/graphics/graphicx.sty
Package: graphicx 2014/10/28 v1.0g Enhanced LaTeX Graphics (DPC,SPQR)
\Gin@req@height=\dimen116
\Gin@req@width=\dimen117
)
(/usr/share/texlive/texmf-dist/tex/latex/listings/listings.sty
\lst@mode=\count120
\lst@gtempboxa=\box30
\lst@token=\toks23
\lst@length=\count121
\lst@currlwidth=\dimen118
\lst@column=\count122
\lst@pos=\count123
\lst@lostspace=\dimen119
\lst@width=\dimen120
\lst@newlines=\count124
\lst@lineno=\count125
\lst@maxwidth=\dimen121

(/usr/share/texlive/texmf-dist/tex/latex/listings/lstmisc.sty
File: lstmisc.sty 2015/06/04 1.6 (Carsten Heinz)
\c@lstnumber=\count126
\lst@skipnumbers=\count127
\lst@framebox=\box31
)
(/usr/share/texlive/texmf-dist/tex/latex/listings/listings.cfg
File: listings.cfg 2015/06/04 1.6 listings configuration
))
Package: listings 2015/06/04 1.6 (Carsten Heinz)
Package hyperref Info: Option `colorlinks' set `true' on input line 19.

(./grad-thesis.aux

LaTeX Warning: Label `euclid' multiply defined.

)
\openout1 = `grad-thesis.aux'.

LaTeX Font Info:    Checking defaults for OML/cmm/m/it on input line 75.
LaTeX Font Info:    ... okay on input line 75.
LaTeX Font Info:    Checking defaults for T1/cmr/m/n on input line 75.
LaTeX Font Info:    ... okay on input line 75.
LaTeX Font Info:    Checking defaults for OT1/cmr/m/n on input line 75.
LaTeX Font Info:    ... okay on input line 75.
LaTeX Font Info:    Checking defaults for OMS/cmsy/m/n on input line 75.
LaTeX Font Info:    ... okay on input line 75.
LaTeX Font Info:    Checking defaults for OMX/cmex/m/n on input line 75.
LaTeX Font Info:    ... okay on input line 75.
LaTeX Font Info:    Checking defaults for U/cmr/m/n on input line 75.
LaTeX Font Info:    ... okay on input line 75.
LaTeX Font Info:    Checking defaults for TS1/cmr/m/n on input line 75.
LaTeX Font Info:    Try loading font information for TS1+cmr on input line 75.
 (/usr/share/texlive/texmf-dist/tex/latex/base/ts1cmr.fd
File: ts1cmr.fd 2014/09/29 v2.5h Standard LaTeX font definitions
)
LaTeX Font Info:    ... okay on input line 75.
LaTeX Font Info:    Checking defaults for PD1/pdf/m/n on input line 75.
LaTeX Font Info:    ... okay on input line 75.

(/usr/share/texlive/texmf-dist/tex/context/base/supp-pdf.mkii
[Loading MPS to PDF converter (version 2006.09.02).]
\scratchcounter=\count128
\scratchdimen=\dimen122
\scratchbox=\box32
\nofMPsegments=\count129
\nofMParguments=\count130
\everyMPshowfont=\toks24
\MPscratchCnt=\count131
\MPscratchDim=\dimen123
\MPnumerator=\count132
\makeMPintoPDFobject=\count133
\everyMPtoPDFconversion=\toks25
) (/usr/share/texlive/texmf-dist/tex/latex/oberdiek/epstopdf-base.sty
Package: epstopdf-base 2010/02/09 v2.5 Base part for package epstopdf

(/usr/share/texlive/texmf-dist/tex/latex/oberdiek/grfext.sty
Package: grfext 2010/08/19 v1.1 Manage graphics extensions (HO)
)
Package grfext Info: Graphics extension search list:
(grfext)             [.png,.pdf,.jpg,.mps,.jpeg,.jbig2,.jb2,.PNG,.PDF,.JPG,.JPE
G,.JBIG2,.JB2,.eps]
(grfext)             \AppendGraphicsExtensions on input line 452.

(/usr/share/texlive/texmf-dist/tex/latex/latexconfig/epstopdf-sys.cfg
File: epstopdf-sys.cfg 2010/07/13 v1.3 Configuration of (r)epstopdf for TeX Liv
e
))
Option `squaren' provided! 
 Command \squaren defined by SIunits package!

\AtBeginShipoutBox=\box33
(/usr/share/texlive/texmf-dist/tex/latex/graphics/color.sty
Package: color 2016/01/03 v1.1b Standard LaTeX Color (DPC)

(/usr/share/texlive/texmf-dist/tex/latex/latexconfig/color.cfg
File: color.cfg 2007/01/18 v1.5 color configuration of teTeX/TeXLive
)
Package color Info: Driver file: pdftex.def on input line 143.
)
Package hyperref Info: Link coloring ON on input line 75.

(/usr/share/texlive/texmf-dist/tex/latex/hyperref/nameref.sty
Package: nameref 2012/10/27 v2.43 Cross-referencing by name of section

(/usr/share/texlive/texmf-dist/tex/generic/oberdiek/gettitlestring.sty
Package: gettitlestring 2010/12/03 v1.4 Cleanup title references (HO)
)
\c@section@level=\count134
)
LaTeX Info: Redefining \ref on input line 75.
LaTeX Info: Redefining \pageref on input line 75.
LaTeX Info: Redefining \nameref on input line 75.

(./grad-thesis.out) (./grad-thesis.out)
\@outlinefile=\write3
\openout3 = `grad-thesis.out'.

\c@lstlisting=\count135
LaTeX Font Info:    Try loading font information for OMS+cmr on input line 78.

(/usr/share/texlive/texmf-dist/tex/latex/base/omscmr.fd
File: omscmr.fd 2014/09/29 v2.5h Standard LaTeX font definitions
)
LaTeX Font Info:    Font shape `OMS/cmr/m/n' in size <10.95> not available
(Font)              Font shape `OMS/cmsy/m/n' tried instead on input line 78.
 [1



{/var/lib/texmf/fonts/map/pdftex/updmap/pdftex.map}] [2


] [3

] [4

] [5

] (./grad-thesis.toc
LaTeX Font Info:    Try loading font information for U+msa on input line 2.

(/usr/share/texlive/texmf-dist/tex/latex/amsfonts/umsa.fd
File: umsa.fd 2013/01/14 v3.01 AMS symbols A
)
LaTeX Font Info:    Try loading font information for U+msb on input line 2.

(/usr/share/texlive/texmf-dist/tex/latex/amsfonts/umsb.fd
File: umsb.fd 2013/01/14 v3.01 AMS symbols B
) [6


] [7] [8] [9])
\tf@toc=\write4
\openout4 = `grad-thesis.toc'.


[10] (./grad-thesis.lot)
\tf@lot=\write5
\openout5 = `grad-thesis.lot'.

 [11


] (./grad-thesis.lof [12



])
\tf@lof=\write6
\openout6 = `grad-thesis.lof'.

 [13]
Chapter 1.
pdfTeX warning (ext4): destination with the same identifier (name{page.1}) has 
been already used, duplicate ignored
<to be read again> 
                   \relax 
l.84 
      [1



]
Missing character: There is no Ô in font cmr10!
Missing character: There is no ø in font cmr10!
Missing character: There is no Ω in font cmr10!
Missing character: There is no Ô in font cmr10!
Missing character: There is no ø in font cmr10!
Missing character: There is no Ω in font cmr10!


Package Fancyhdr Warning: \headheight is too small (12.0pt): 
 Make it at least 13.59999pt.
 We now make it that large for the rest of the document.
 This may cause the page layout to be inconsistent, however.

[2]
Missing character: There is no Ô in font cmr10!
Missing character: There is no ø in font cmr10!
Missing character: There is no Ω in font cmr10!
Missing character: There is no Ô in font cmr10!
Missing character: There is no ø in font cmr10!
Missing character: There is no Ω in font cmr10!
 [3] [4]
Overfull \hbox (1.47289pt too wide) in paragraph at lines 114--115
\OT1/cmr/m/it/10.95 Neu-ral Net-works (DNN), Ad-ver-sar-ial Trans-fer-abil-ity,
 Ad-ver-sar-ial Ex-am-p-less, black-
 []

LaTeX Font Info:    Font shape `OMS/cmr/m/it' in size <10.95> not available
(Font)              Font shape `OMS/cmsy/m/n' tried instead on input line 115.
[5]
Chapter 2.
[6

] <"Images/Chapter 1/DNN".png, id=733, 426.59375pt x 242.9075pt>
File: "Images/Chapter 1/DNN".png Graphic file (type png)

<use "Images/Chapter 1/DNN".png>
Package pdftex.def Info: "Images/Chapter 1/DNN".png used on input line 146.
(pdftex.def)             Requested size: 314.37465pt x 179.01854pt.
 [7] [8pdfTeX warning (ext4): destination with the same identifier (name{figure
.2.1}) has been already used, duplicate ignored

\AtBegShi@Output ...ipout \box \AtBeginShipoutBox 
                                                  \fi \fi 
l.154 \subsection
                 {Deep Learning Threats} <./Images/Chapter 1/DNN.png>]
Overfull \hbox (0.26422pt too wide) in paragraph at lines 158--160
[]\OT1/cmr/m/it/10.95 Poorly Trained DNN Mod-els \OT1/cmr/m/n/10.95 - al-though
 con-sid-ered an over-sight, rather than blamed
 []

[9]
<"Images/Chapter 2/adversarial_example".jpg, id=766, 1003.75pt x 326.21875pt>
File: "Images/Chapter 2/adversarial_example".jpg Graphic file (type jpg)

<use "Images/Chapter 2/adversarial_example".jpg>
Package pdftex.def Info: "Images/Chapter 2/adversarial_example".jpg used on inp
ut line 168.
(pdftex.def)             Requested size: 293.41507pt x 95.3626pt.

<"Images/Chapter 2/AdversarialExample".png, id=770, 514.92375pt x 269.005pt>
File: "Images/Chapter 2/AdversarialExample".png Graphic file (type png)

<use "Images/Chapter 2/AdversarialExample".png>
Package pdftex.def Info: "Images/Chapter 2/AdversarialExample".png used on inpu
t line 175.
(pdftex.def)             Requested size: 227.62pt x 227.62505pt.


LaTeX Warning: `h' float specifier changed to `ht'.

[10] [11pdfTeX warning (ext4): destination with the same identifier (name{figur
e.2.2}) has been already used, duplicate ignored

\AtBegShi@Output ...ipout \box \AtBeginShipoutBox 
                                                  \fi \fi 
l.181 
      pdfTeX warning (ext4): destination with the same identifier (name{figure.
2.3}) has been already used, duplicate ignored

\AtBegShi@Output ...ipout \box \AtBeginShipoutBox 
                                                  \fi \fi 
l.181 
       <./Images/Chapter 2/adversarial_example.jpg> <./Images/Chapter 2/Adversa
rialExample.png>]
<"Images/Chapter 2/DecisionBoundary".png, id=788, 963.6pt x 722.7pt>
File: "Images/Chapter 2/DecisionBoundary".png Graphic file (type png)

<use "Images/Chapter 2/DecisionBoundary".png>
Package pdftex.def Info: "Images/Chapter 2/DecisionBoundary".png used on input 
line 185.
(pdftex.def)             Requested size: 398.20662pt x 298.64674pt.


LaTeX Warning: `h' float specifier changed to `ht'.

[12]
Underfull \hbox (badness 10000) in paragraph at lines 192--199

 []


Underfull \hbox (badness 10000) in paragraph at lines 192--199

 []


Underfull \hbox (badness 10000) in paragraph at lines 192--199

 []


Underfull \hbox (badness 10000) in paragraph at lines 192--199

 []


Underfull \hbox (badness 10000) in paragraph at lines 192--199

 []

[13pdfTeX warning (ext4): destination with the same identifier (name{figure.2.4
}) has been already used, duplicate ignored

\AtBegShi@Output ...ipout \box \AtBeginShipoutBox 
                                                  \fi \fi 
l.199 \paragraph
                {Fast Gradient Sign Method (FGSM) -} introduced by Goodfello...
 <./Images/Chapter 2/DecisionBoundary.png>]
Underfull \hbox (badness 10000) in paragraph at lines 199--204

 []


Underfull \hbox (badness 10000) in paragraph at lines 199--204

 []

[14]
Underfull \hbox (badness 10000) in paragraph at lines 204--207

 []


Underfull \hbox (badness 10000) in paragraph at lines 207--209

 []

[15] <"Images/Chapter 2/ConvexvsNon".png, id=835, 763.85374pt x 275.0275pt>
File: "Images/Chapter 2/ConvexvsNon".png Graphic file (type png)

<use "Images/Chapter 2/ConvexvsNon".png>
Package pdftex.def Info: "Images/Chapter 2/ConvexvsNon".png used on input line 
227.
(pdftex.def)             Requested size: 293.41507pt x 105.6446pt.
 [16] [17pdfTeX warning (ext4): destination with the same identifier (name{figu
re.2.5}) has been already used, duplicate ignored

\AtBegShi@Output ...ipout \box \AtBeginShipoutBox 
                                                  \fi \fi 
l.235 
       <./Images/Chapter 2/ConvexvsNon.png>] [18] [19]
<"Images/Chapter 2/SuccessRateAdversary".png, id=871, 557.08125pt x 413.545pt>
File: "Images/Chapter 2/SuccessRateAdversary".png Graphic file (type png)

<use "Images/Chapter 2/SuccessRateAdversary".png>
Package pdftex.def Info: "Images/Chapter 2/SuccessRateAdversary".png used on in
put line 256.
(pdftex.def)             Requested size: 213.39314pt x 213.39767pt.

Underfull \hbox (badness 10000) in paragraph at lines 251--264

 []


Underfull \hbox (badness 10000) in paragraph at lines 251--264

 []


LaTeX Warning: `h' float specifier changed to `ht'.

[20] [21pdfTeX warning (ext4): destination with the same identifier (name{figur
e.2.6}) has been already used, duplicate ignored

\AtBegShi@Output ...ipout \box \AtBeginShipoutBox 
                                                  \fi \fi 
l.264 \subsection
                 {black-box Threat Model} <./Images/Chapter 2/SuccessRateAdvers
ary.png>] <"Images/Chapter 2/BlackBox".png, id=891, 252.945pt x 167.62625pt>
File: "Images/Chapter 2/BlackBox".png Graphic file (type png)

<use "Images/Chapter 2/BlackBox".png>
Package pdftex.def Info: "Images/Chapter 2/BlackBox".png used on input line 268
.
(pdftex.def)             Requested size: 213.39865pt x 213.3945pt.
 [22pdfTeX warning (ext4): destination with the same identifier (name{figure.2.
7}) has been already used, duplicate ignored

\AtBegShi@Output ...ipout \box \AtBeginShipoutBox 
                                                  \fi \fi 
l.278 \subsection
                 {Black-box Threat Model Vs. Blind Threat Model} <./Images/Chap
ter 2/BlackBox.png>] [23] [24] [25]
Package hyperref Info: bookmark level for unknown algorithm defaults to 0 on in
put line 292.
 [26] [27] [28] [29]
<"Images/Chapter 2/honeypot".jpg, id=989, 350.81062pt x 412.54124pt>
File: "Images/Chapter 2/honeypot".jpg Graphic file (type jpg)

<use "Images/Chapter 2/honeypot".jpg>
Package pdftex.def Info: "Images/Chapter 2/honeypot".jpg used on input line 328
.
(pdftex.def)             Requested size: 213.39998pt x 213.3959pt.


LaTeX Warning: `h' float specifier changed to `ht'.

[30] [31pdfTeX warning (ext4): destination with the same identifier (name{figur
e.2.8}) has been already used, duplicate ignored

\AtBegShi@Output ...ipout \box \AtBeginShipoutBox 
                                                  \fi \fi 
l.348 \end{itemize}
                    <./Images/Chapter 2/honeypot.jpg>] [32] [33]
<"Images/Chapter 2/LowInterHP".png, id=1029, 345.29pt x 340.27126pt>
File: "Images/Chapter 2/LowInterHP".png Graphic file (type png)

<use "Images/Chapter 2/LowInterHP".png>
Package pdftex.def Info: "Images/Chapter 2/LowInterHP".png used on input line 3
98.
(pdftex.def)             Requested size: 213.3979pt x 213.3959pt.


LaTeX Warning: `h' float specifier changed to `ht'.

<"Images/Chapter 2/HighInterHP".png, id=1031, 343.2825pt x 354.32375pt>
File: "Images/Chapter 2/HighInterHP".png Graphic file (type png)

<use "Images/Chapter 2/HighInterHP".png>
Package pdftex.def Info: "Images/Chapter 2/HighInterHP".png used on input line 
408.
(pdftex.def)             Requested size: 213.39342pt x 213.40146pt.
 [34]

LaTeX Warning: `h' float specifier changed to `ht'.


Underfull \hbox (badness 10000) in paragraph at lines 415--419

 []

[35pdfTeX warning (ext4): destination with the same identifier (name{figure.2.9
}) has been already used, duplicate ignored

\AtBegShi@Output ...ipout \box \AtBeginShipoutBox 
                                                  \fi \fi 
l.419 \section
              {Honeypots in our Solution} <./Images/Chapter 2/LowInterHP.png>]
[36pdfTeX warning (ext4): destination with the same identifier (name{figure.2.1
0}) has been already used, duplicate ignored

\AtBegShi@Output ...ipout \box \AtBeginShipoutBox 
                                                  \fi \fi 
l.432 
       <./Images/Chapter 2/HighInterHP.png>] [37]
Chapter 3.
[38

] [39] [40] [41]
Chapter 4.
[42

]
Missing character: There is no ‚ in font cmr10!
Missing character: There is no Ä in font cmr10!
Missing character: There is no ô in font cmr10!
Missing character: There is no ‚ in font cmr10!
Missing character: There is no Ä in font cmr10!
Missing character: There is no ô in font cmr10!
Missing character: There is no ‚ in font cmr10!
Missing character: There is no Ä in font cmr10!
Missing character: There is no ô in font cmr10!
Missing character: There is no ‚ in font cmr10!
Missing character: There is no Ä in font cmr10!
Missing character: There is no ô in font cmr10!
Missing character: There is no ‚ in font cmr10!
Missing character: There is no Ä in font cmr10!
Missing character: There is no ô in font cmr10!
 [43]
Overfull \hbox (11.54466pt too wide) in paragraph at lines 493--494
\OMS/cmsy/m/n/10.95 f\OML/cmm/m/it/10.95 f[]\OT1/cmr/m/n/10.95 (\OML/cmm/m/it/1
0.95 f[]; f[]; :::; f[]\OT1/cmr/m/n/10.95 )\OML/cmm/m/it/10.95 ; f[]\OT1/cmr/m/
n/10.95 (\OML/cmm/m/it/10.95 f[]; f[]; f[]; :::; f[]\OT1/cmr/m/n/10.95 )\OML/cm
m/m/it/10.95 ; f[]\OT1/cmr/m/n/10.95 (\OML/cmm/m/it/10.95 f[]; f[]; f[]; :::; f
[]\OT1/cmr/m/n/10.95 )\OML/cmm/m/it/10.95 ; :::; f[]\OT1/cmr/m/n/10.95 (\OML/cm
m/m/it/10.95 f[]:::\OT1/cmr/m/n/10.95 )\OMS/cmsy/m/n/10.95 g$\OT1/cmr/m/n/10.95
 .
 []

[44] [45]
Overfull \hbox (12.11108pt too wide) in paragraph at lines 506--507
 []\OT1/cmr/bx/n/10.95 Using High-Interaction Hon-ey-pots -[] \OT1/cmr/m/n/10.9
5 as men-tioned in (\OT1/cmr/m/it/10.95 sec-tion 2.4.5\OT1/cmr/m/n/10.95 ), \OT
1/cmr/m/it/10.95 high-interaction
 []

[46] [47] [48] [49]
<"Images/Chapter 4/TargtedAttack".jpg, id=1151, 963.6pt x 722.7pt>
File: "Images/Chapter 4/TargtedAttack".jpg Graphic file (type jpg)

<use "Images/Chapter 4/TargtedAttack".jpg>
Package pdftex.def Info: "Images/Chapter 4/TargtedAttack".jpg used on input lin
e 524.
(pdftex.def)             Requested size: 251.50227pt x 188.62538pt.


LaTeX Warning: `h' float specifier changed to `ht'.

Missing character: There is no ‚ in font cmr10!
Missing character: There is no Ä in font cmr10!
Missing character: There is no ô in font cmr10!
[50] [51pdfTeX warning (ext4): destination with the same identifier (name{figur
e.4.1}) has been already used, duplicate ignored

\AtBegShi@Output ...ipout \box \AtBeginShipoutBox 
                                                  \fi \fi 
l.542 \subsection
                 {Attacker Capabilities} <./Images/Chapter 4/TargtedAttack.jpg>
] <"Images/Chapter 4/attackcap".png, id=1162, 963.6pt x 722.7pt>
File: "Images/Chapter 4/attackcap".png Graphic file (type png)

<use "Images/Chapter 4/attackcap".png>
Package pdftex.def Info: "Images/Chapter 4/attackcap".png used on input line 54
7.
(pdftex.def)             Requested size: 293.41507pt x 220.05376pt.
 [52pdfTeX warning (ext4): destination with the same identifier (name{figure.4.
2}) has been already used, duplicate ignored

\AtBegShi@Output ...ipout \box \AtBeginShipoutBox 
                                                  \fi \fi 
l.553 \subsection
                 {Attack Setting} <./Images/Chapter 4/attackcap.png>] [53]
Overfull \hbox (5.31335pt too wide) in paragraph at lines 558--558
[]\OT1/cmr/bx/n/14.4 Adversarial Hon-ey-pot Net-work (Ad-ver-sar-ial Hon-eynet)
 
 []

Missing character: There is no ‚ in font cmr10!
Missing character: There is no Ä in font cmr10!
Missing character: There is no ô in font cmr10!
Missing character: There is no ‚ in font cmr10!
Missing character: There is no Ä in font cmr10!
Missing character: There is no ô in font cmr10!

<"Images/Chapter 4/HoneynetArchitecture".png, id=1173, 1091.07625pt x 720.6925p
t>
File: "Images/Chapter 4/HoneynetArchitecture".png Graphic file (type png)
 <use "Images/Chapter 4/HoneynetArchitecture".png>
Package pdftex.def Info: "Images/Chapter 4/HoneynetArchitecture".png used on in
put line 566.
(pdftex.def)             Requested size: 419.16621pt x 276.86815pt.
 [54] [55pdfTeX warning (ext4): destination with the same identifier (name{figu
re.4.3}) has been already used, duplicate ignored

\AtBegShi@Output ...ipout \box \AtBeginShipoutBox 
                                                  \fi \fi 
l.574 	\item \textbf
                    {Decoy Classifier -} represents our solution for prevent...
 <./Images/Chapter 4/HoneynetArchitecture.png>] [56] [57]
<"Images/Chapter 4/HIHP".png, id=1193, 1097.09875pt x 728.7225pt>
File: "Images/Chapter 4/HIHP".png Graphic file (type png)

<use "Images/Chapter 4/HIHP".png>
Package pdftex.def Info: "Images/Chapter 4/HIHP".png used on input line 602.
(pdftex.def)             Requested size: 377.24702pt x 250.57558pt.
 [58] [59pdfTeX warning (ext4): destination with the same identifier (name{figu
re.4.4}) has been already used, duplicate ignored

\AtBegShi@Output ...ipout \box \AtBeginShipoutBox 
                                                  \fi \fi 
l.610 	\item \textbf
                    {Sysdig-Falco Component -} a rule-based behaviour activi...
 <./Images/Chapter 4/HIHP.png>] [60]
<"Images/Chapter 4/nonconvexSol".png, id=1209, 963.6pt x 722.7pt>
File: "Images/Chapter 4/nonconvexSol".png Graphic file (type png)

<use "Images/Chapter 4/nonconvexSol".png>
Package pdftex.def Info: "Images/Chapter 4/nonconvexSol".png used on input line
 633.
(pdftex.def)             Requested size: 335.33424pt x 251.49315pt.
 [61] [62pdfTeX warning (ext4): destination with the same identifier (name{figu
re.4.5}) has been already used, duplicate ignored

\AtBegShi@Output ...ipout \box \AtBeginShipoutBox 
                                                  \fi \fi 
l.639 
       <./Images/Chapter 4/nonconvexSol.png>] [63]
<"Images/Chapter 4/Queries".png, id=1227, 1174.3875pt x 722.7pt>
File: "Images/Chapter 4/Queries".png Graphic file (type png)

<use "Images/Chapter 4/Queries".png>
Package pdftex.def Info: "Images/Chapter 4/Queries".png used on input line 651.

(pdftex.def)             Requested size: 293.41507pt x 180.56427pt.
 [64pdfTeX warning (ext4): destination with the same identifier (name{figure.4.
6}) has been already used, duplicate ignored

\AtBegShi@Output ...ipout \box \AtBeginShipoutBox 
                                                  \fi \fi 
l.656 	\item \textbf
                    {High number of DNN Labeling Requests -} an abnormally h...
 <./Images/Chapter 4/Queries.png>]
Missing character: There is no ‚ in font cmr10!
Missing character: There is no Ä in font cmr10!
Missing character: There is no ô in font cmr10!

<"Images/Chapter 4/misclassattack".png, id=1234, 1260.71pt x 721.69624pt>
File: "Images/Chapter 4/misclassattack".png Graphic file (type png)

<use "Images/Chapter 4/misclassattack".png>
Package pdftex.def Info: "Images/Chapter 4/misclassattack".png used on input li
ne 659.
(pdftex.def)             Requested size: 293.41507pt x 167.95782pt.
 [65pdfTeX warning (ext4): destination with the same identifier (name{figure.4.
7}) has been already used, duplicate ignored

\AtBegShi@Output ...ipout \box \AtBeginShipoutBox 
                                                  \fi \fi 
l.668 \end{itemize}
                    <./Images/Chapter 4/misclassattack.png>]
<"Images/Chapter 4/FalcoArch".png, id=1242, 963.6pt x 722.7pt>
File: "Images/Chapter 4/FalcoArch".png Graphic file (type png)

<use "Images/Chapter 4/FalcoArch".png>
Package pdftex.def Info: "Images/Chapter 4/FalcoArch".png used on input line 67
3.
(pdftex.def)             Requested size: 293.41507pt x 220.05376pt.
Missing character: There is no ‚ in font cmr10!
Missing character: There is no Ä in font cmr10!
Missing character: There is no ô in font cmr10!
Missing character: There is no ‚ in font cmr10!
Missing character: There is no Ä in font cmr10!
Missing character: There is no ì in font cmr10!
 [66pdfTeX warning (ext4): destination with the same identifier (name{figure.4.
8}) has been already used, duplicate ignored

\AtBegShi@Output ...ipout \box \AtBeginShipoutBox 
                                                  \fi \fi 
l.684 \end{itemize}
                    <./Images/Chapter 4/FalcoArch.png>]
Missing character: There is no ‚ in font cmr10!
Missing character: There is no Ä in font cmr10!
Missing character: There is no ú in font cmr10!
Missing character: There is no ‚ in font cmr10!
Missing character: There is no Ä in font cmr10!
Missing character: There is no ô in font cmr10!

Underfull \hbox (badness 10000) in paragraph at lines 702--708

 []

[67] [68] <"Images/Chapter 4/Initiate".png, id=1267, 963.6pt x 722.7pt>
File: "Images/Chapter 4/Initiate".png Graphic file (type png)

<use "Images/Chapter 4/Initiate".png>
Package pdftex.def Info: "Images/Chapter 4/Initiate".png used on input line 732
.
(pdftex.def)             Requested size: 377.24702pt x 282.93256pt.
 [69] [70pdfTeX warning (ext4): destination with the same identifier (name{figu
re.4.9}) has been already used, duplicate ignored

\AtBegShi@Output ...ipout \box \AtBeginShipoutBox 
                                                  \fi \fi 
l.755 \subsection
                 {Labeling the Initial Training Set \textbf{$S_{0}$}} <./Images
/Chapter 4/Initiate.png>]

Package hyperref Warning: Token not allowed in a PDF string (PDFDocEncoding):
(hyperref)                removing `math shift' on input line 755.


Package hyperref Warning: Token not allowed in a PDF string (PDFDocEncoding):
(hyperref)                removing `subscript' on input line 755.


Package hyperref Warning: Token not allowed in a PDF string (PDFDocEncoding):
(hyperref)                removing `math shift' on input line 755.

<"Images/Chapter 4/TrainingSubstitute".png, id=1278, 963.6pt x 722.7pt>
File: "Images/Chapter 4/TrainingSubstitute".png Graphic file (type png)

<use "Images/Chapter 4/TrainingSubstitute".png>
Package pdftex.def Info: "Images/Chapter 4/TrainingSubstitute".png used on inpu
t line 759.
(pdftex.def)             Requested size: 335.33424pt x 251.49315pt.


LaTeX Warning: `h' float specifier changed to `ht'.


Package hyperref Warning: Token not allowed in a PDF string (PDFDocEncoding):
(hyperref)                removing `math shift' on input line 763.


Package hyperref Warning: Token not allowed in a PDF string (PDFDocEncoding):
(hyperref)                removing `subscript' on input line 763.


Package hyperref Warning: Token not allowed in a PDF string (PDFDocEncoding):
(hyperref)                removing `math shift' on input line 763.

<"Images/Chapter 4/Augmentation".png, id=1281, 963.6pt x 722.7pt>
File: "Images/Chapter 4/Augmentation".png Graphic file (type png)

<use "Images/Chapter 4/Augmentation".png>
Package pdftex.def Info: "Images/Chapter 4/Augmentation".png used on input line
 767.
(pdftex.def)             Requested size: 293.41507pt x 220.05376pt.
 [71]

LaTeX Warning: `h' float specifier changed to `ht'.


Package hyperref Warning: Token not allowed in a PDF string (PDFDocEncoding):
(hyperref)                removing `math shift' on input line 772.


Package hyperref Warning: Token not allowed in a PDF string (PDFDocEncoding):
(hyperref)                removing `math shift' on input line 772.

[72pdfTeX warning (ext4): destination with the same identifier (name{figure.4.1
0}) has been already used, duplicate ignored

\AtBegShi@Output ...ipout \box \AtBeginShipoutBox 
                                                  \fi \fi 
l.777 \begin{equation}
                       <./Images/Chapter 4/TrainingSubstitute.png>]
<"Images/Chapter 4/Flippingthelabel".png, id=1296, 963.6pt x 722.7pt>
File: "Images/Chapter 4/Flippingthelabel".png Graphic file (type png)

<use "Images/Chapter 4/Flippingthelabel".png>
Package pdftex.def Info: "Images/Chapter 4/Flippingthelabel".png used on input 
line 787.
(pdftex.def)             Requested size: 293.41507pt x 220.05376pt.


LaTeX Warning: `h' float specifier changed to `ht'.


Package hyperref Warning: Token not allowed in a PDF string (PDFDocEncoding):
(hyperref)                removing `math shift' on input line 792.


Package hyperref Warning: Token not allowed in a PDF string (PDFDocEncoding):
(hyperref)                removing `math shift' on input line 792.

<"Images/Chapter 4/Transferability".png, id=1297, 1169.36874pt x 726.715pt>
File: "Images/Chapter 4/Transferability".png Graphic file (type png)

<use "Images/Chapter 4/Transferability".png>
Package pdftex.def Info: "Images/Chapter 4/Transferability".png used on input l
ine 796.
(pdftex.def)             Requested size: 293.41507pt x 182.34363pt.
 [73pdfTeX warning (ext4): destination with the same identifier (name{figure.4.
11}) has been already used, duplicate ignored

\AtBegShi@Output ...ipout \box \AtBeginShipoutBox 
                                                  \fi \fi 
l.800 
       <./Images/Chapter 4/Augmentation.png>]

LaTeX Warning: `h' float specifier changed to `ht'.

[74pdfTeX warning (ext4): destination with the same identifier (name{figure.4.1
2}) has been already used, duplicate ignored

\AtBegShi@Output ...ipout \box \AtBeginShipoutBox 
                                                  \fi \fi 
l.808 \subsection
                 {Luring and Baiting the Adversary} <./Images/Chapter 4/Flippin
gthelabel.png>]
Overfull \hbox (14.59315pt too wide) in paragraph at lines 811--812
\OT1/cmr/m/n/10.95 Inside the ad-ver-sar-ial hon-ey-pot $\OML/cmm/m/it/10.95 H[
]$\OT1/cmr/m/n/10.95 , the ad-ver-sary op-er-ates within a high-interaction
 []

[75pdfTeX warning (ext4): destination with the same identifier (name{figure.4.1
3}) has been already used, duplicate ignored

\AtBegShi@Output ...ipout \box \AtBeginShipoutBox 
                                                  \fi \fi 
l.812 \paragraph
                {Message-Passing to Prevent any Adversarial Takeover: } <./Imag
es/Chapter 4/Transferability.png>] [76] [77] [78] [79]
Chapter 5.
[80

]

Package Fancyhdr Warning: \headheight is too small (13.59999pt): 
 Make it at least 25.16252pt.
 We now make it that large for the rest of the document.
 This may cause the page layout to be inconsistent, however.

[81]
Underfull \hbox (badness 10000) in paragraph at lines 852--867

 []

<"Images/Chapter 5/AHTarchitecture".png, id=1362, 963.6pt x 722.7pt>
File: "Images/Chapter 5/AHTarchitecture".png Graphic file (type png)

<use "Images/Chapter 5/AHTarchitecture".png>
Package pdftex.def Info: "Images/Chapter 5/AHTarchitecture".png used on input l
ine 871.
(pdftex.def)             Requested size: 293.41507pt x 220.05376pt.
 [82] [83pdfTeX warning (ext4): destination with the same identifier (name{figu
re.5.1}) has been already used, duplicate ignored

\AtBegShi@Output ...ipout \box \AtBeginShipoutBox 
                                                  \fi \fi 
l.881     \item \textbf
                       {honeybits.go -} used to create the file, general and...
 <./Images/Chapter 5/AHTarchitecture.png>] [84] [85] [86]
<"Images/Chapter 5/AdversarialTokensLeak".jpg, id=1402, 963.6pt x 722.7pt>
File: "Images/Chapter 5/AdversarialTokensLeak".jpg Graphic file (type jpg)

<use "Images/Chapter 5/AdversarialTokensLeak".jpg>
Package pdftex.def Info: "Images/Chapter 5/AdversarialTokensLeak".jpg used on i
nput line 942.
(pdftex.def)             Requested size: 293.41507pt x 220.05376pt.

<"Images/Chapter 5/Docker".png, id=1403, 963.6pt x 722.7pt>
File: "Images/Chapter 5/Docker".png Graphic file (type png)

<use "Images/Chapter 5/Docker".png>
Package pdftex.def Info: "Images/Chapter 5/Docker".png used on input line 951.
(pdftex.def)             Requested size: 293.41507pt x 220.05376pt.
 [87pdfTeX warning (ext4): destination with the same identifier (name{figure.5.
2}) has been already used, duplicate ignored

\AtBegShi@Output ...ipout \box \AtBeginShipoutBox 
                                                  \fi \fi 
l.955 \paragraph
                {Docker to Monitor the Adversary Access -} Docker was select...
 <./Images/Chapter 5/AdversarialTokensLeak.jpg>] [88pdfTeX warning (ext4): dest
ination with the same identifier (name{figure.5.3}) has been already used, dupl
icate ignored

\AtBegShi@Output ...ipout \box \AtBeginShipoutBox 
                                                  \fi \fi 
l.956 \section
              {Usage} <./Images/Chapter 5/Docker.png>]
Missing character: There is no ‚ in font cmr10!
Missing character: There is no Ä in font cmr10!
Missing character: There is no ì in font cmr10!
 [89]
<"Images/Chapter 5/Scenario1".png, id=1422, 1218.5525pt x 700.6175pt>
File: "Images/Chapter 5/Scenario1".png Graphic file (type png)

<use "Images/Chapter 5/Scenario1".png>
Package pdftex.def Info: "Images/Chapter 5/Scenario1".png used on input line 97
1.
(pdftex.def)             Requested size: 377.24702pt x 216.90053pt.
 [90pdfTeX warning (ext4): destination with the same identifier (name{figure.5.
4}) has been already used, duplicate ignored

\AtBegShi@Output ...ipout \box \AtBeginShipoutBox 
                                                  \fi \fi 
l.990 			\begin{lstlisting}
                            <./Images/Chapter 5/Scenario1.png>]
Missing character: There is no ‚ in font cmr10!
Missing character: There is no Ä in font cmr10!
Missing character: There is no ò in font cmr10!
Missing character: There is no ‚ in font cmr10!
Missing character: There is no Ä in font cmr10!
Missing character: There is no ô in font cmr10!

Underfull \hbox (badness 10000) in paragraph at lines 1005--1012

 []

Missing character: There is no ‚ in font cmr10!
Missing character: There is no Ä in font cmr10!
Missing character: There is no ú in font cmr10!
Missing character: There is no ‚ in font cmr10!
Missing character: There is no Ä in font cmr10!
Missing character: There is no ù in font cmr10!

Underfull \hbox (badness 10000) in paragraph at lines 1015--1021

 []


Overfull \hbox (2.41295pt too wide) in paragraph at lines 1022--1023
[][][][][][][][][][][][][][][][][][][][][][][][][][][][][] 
 []

Missing character: There is no ‚ in font cmr10!
Missing character: There is no Ä in font cmr10!
Missing character: There is no ú in font cmr10!
Missing character: There is no ‚ in font cmr10!
Missing character: There is no Ä in font cmr10!
Missing character: There is no ù in font cmr10!

Underfull \hbox (badness 10000) in paragraph at lines 1024--1030

 []

[91]
Overfull \hbox (2.41295pt too wide) in paragraph at lines 1031--1032
[][][][][][][][][][][][][][][][][][][][][][][][][][][][][] 
 []


Underfull \hbox (badness 10000) in paragraph at lines 1044--1045

 []

[92]
Overfull \hbox (28.69322pt too wide) in paragraph at lines 1075--1076
[][][][][][][][][][][][][][][][][][][][][][][][][][][][][][][] 
 []

Missing character: There is no ‚ in font cmr10!
Missing character: There is no Ä in font cmr10!
Missing character: There is no ô in font cmr10!
<"Images/Chapter 5/Scenario2".png, id=1458, 1218.5525pt x 700.6175pt>
File: "Images/Chapter 5/Scenario2".png Graphic file (type png)

<use "Images/Chapter 5/Scenario2".png>
Package pdftex.def Info: "Images/Chapter 5/Scenario2".png used on input line 10
89.
(pdftex.def)             Requested size: 293.41507pt x 168.69685pt.

<"Images/Chapter 5/Scenario3".png, id=1459, 1218.5525pt x 700.6175pt>
File: "Images/Chapter 5/Scenario3".png Graphic file (type png)

<use "Images/Chapter 5/Scenario3".png>
Package pdftex.def Info: "Images/Chapter 5/Scenario3".png used on input line 10
97.
(pdftex.def)             Requested size: 293.41507pt x 168.69685pt.
 [93] [94pdfTeX warning (ext4): destination with the same identifier (name{figu
re.5.5}) has been already used, duplicate ignored

\AtBegShi@Output ...ipout \box \AtBeginShipoutBox 
                                                  \fi \fi 
l.1105 	\item\textbf
                    {GO-env Virtual Environment -} a Go version management  ...
pdfTeX warning (ext4): destination with the same identifier (name{figure.5.6}) 
has been already used, duplicate ignored

\AtBegShi@Output ...ipout \box \AtBeginShipoutBox 
                                                  \fi \fi 
l.1105 	\item\textbf
                    {GO-env Virtual Environment -} a Go version management  ...
 <./Images/Chapter 5/Scenario2.png> <./Images/Chapter 5/Scenario3.png>]
Underfull \hbox (badness 10000) in paragraph at lines 1119--1125

 []

[95] [96] [97]
Chapter 6.
[98

] [99] [100]
Chapter 7.

Overfull \hbox (47.30864pt too wide) in paragraph at lines 1176--1177
[][][][][][][][][][][][][][][][][][][][][][][][][][][][][] 
 []


Overfull \hbox (47.30864pt too wide) in paragraph at lines 1177--1178
[][][][][][][][][][][][][][][][][][][][][][][][][][][][][][] 
 []


Overfull \hbox (27.59843pt too wide) in paragraph at lines 1178--1179
[][][][][][][][][][][][][][][][][][][][][][][][][][][][] 
 []


Overfull \hbox (27.59843pt too wide) in paragraph at lines 1181--1182
[][][][][][][][][][][][][][][][][][][][][][][][][][][][][] 
 []


Overfull \hbox (7.88823pt too wide) in paragraph at lines 1182--1183
[][][][][][][][][][][][][][][][][][][][][][][][][] 
 []


Overfull \hbox (1.31816pt too wide) in paragraph at lines 1183--1184
[][][][][][][][][][][][][][][][][][][][][][][][][] 
 []


Overfull \hbox (27.59843pt too wide) in paragraph at lines 1186--1187
[][][][][][][][][][][][][][][][][][][][][][][][][][][][] 
 []

LaTeX Font Info:    Try loading font information for OML+cmr on input line 1187
.
(/usr/share/texlive/texmf-dist/tex/latex/base/omlcmr.fd
File: omlcmr.fd 2014/09/29 v2.5h Standard LaTeX font definitions
)
LaTeX Font Info:    Font shape `OML/cmr/m/n' in size <10.95> not available
(Font)              Font shape `OML/cmm/m/it' tried instead on input line 1187.


Overfull \hbox (53.87871pt too wide) in paragraph at lines 1187--1189
[][][][][][][][][][][][][][][][][][][][][][][][][][][][][][][][][][] 
 []

[101

]
Overfull \hbox (27.59843pt too wide) in paragraph at lines 1212--1213
[][][][][][][][][][][][][][][][][][][][][][][][][][][][] 
 []

[102]
Overfull \hbox (651.75493pt too wide) in paragraph at lines 1238--1239
[][][][][][][][][][][][][][][][][][][][][][][][][][][][][][][][][][][][][][][][
][][][][][][][][][][] 
 []


Overfull \hbox (369.24199pt too wide) in paragraph at lines 1253--1255
[][][][][][][][][][][][][][][][][][][][][][][][][][][][][][][][][][][][][][][] 

 []

[103]
Overfull \hbox (356.10185pt too wide) in paragraph at lines 1269--1270
[][][][][][][][][][][][][][][][][][][][][][][][][][][][][][][][][][][][][][][] 

 []


Overfull \hbox (356.10185pt too wide) in paragraph at lines 1270--1271
[][][][][][][][][][][][][][][][][][][][][][][][][][][][][][][][][][][][][][][] 

 []


Overfull \hbox (369.24199pt too wide) in paragraph at lines 1285--1286
[][][][][][][][][][][][][][][][][][][][][][][][][][][][][][][][][][][][][][][] 

 []


Overfull \hbox (362.67192pt too wide) in paragraph at lines 1286--1287
[][][][][][][][][][][][][][][][][][][][][][][][][][][][][][][][][][][][][][][] 

 []

[104]
Overfull \hbox (34.1685pt too wide) in paragraph at lines 1314--1316
[][][][][][][][][][][][][][][][][][][][][][][][][][][][][][][] 
 []


Overfull \hbox (270.69096pt too wide) in paragraph at lines 1318--1320
[][][][][][][][][][][][][][][][][][][][][][][][][][][][][][][][][][][][][][][][
][][][][][][][][][] 
 []

Missing character: There is no ¬ in font cmr10!
Missing character: There is no † in font cmr10!
Missing character: There is no ¬ in font cmr10!
Missing character: There is no † in font cmr10!
Missing character: There is no ¬ in font cmr10!
Missing character: There is no † in font cmr10!
Missing character: There is no ¬ in font cmr10!
Missing character: There is no † in font cmr10!
Missing character: There is no ¬ in font cmr10!
Missing character: There is no † in font cmr10!
Missing character: There is no ¬ in font cmr10!
Missing character: There is no † in font cmr10!
Missing character: There is no ¬ in font cmr10!
Missing character: There is no † in font cmr10!
Missing character: There is no ¬ in font cmr10!
Missing character: There is no † in font cmr10!
Missing character: There is no ¬ in font cmr10!
Missing character: There is no † in font cmr10!
Missing character: There is no ¬ in font cmr10!
Missing character: There is no † in font cmr10!
Missing character: There is no ¬ in font cmr10!
Missing character: There is no † in font cmr10!
Missing character: There is no ¬ in font cmr10!
Missing character: There is no † in font cmr10!
Missing character: There is no ¬ in font cmr10!
Missing character: There is no † in font cmr10!
Missing character: There is no ¬ in font cmr10!
Missing character: There is no † in font cmr10!

Overfull \hbox (3115.53056pt too wide) in paragraph at lines 1323--1325
[][][][][][][][][][][][][][][][][][][][][][][][][][][][][][][][][][][][][][][][
][][][][][][][][][][][][][][][][][][][][][][][][][][][][][][][][][][][][][][][]
[][][][][][][][][][][][][][][][][][][][][][][][][][][][][][][][][][][][][][][][
][][][][][][][][][][][][][][][][][][][][][][][][][][][][][][][][][][][][][][][]
[][] 
 []

[105]
Overfull \hbox (336.39165pt too wide) in paragraph at lines 1352--1353
[][][][][][][][][][][][][][][][][][][][][][][][][][][][][][][][][][][][][][][][
][][] 
 []


Overfull \hbox (3726.54692pt too wide) in paragraph at lines 1365--1366
[][][][][][][][][][][][][][][][][][][][][][][][][][][][][][][][][][][][][][][][
][][][][][][][][][][][][][][][][][][][][][][][][][][][][][][][][][][][][][][][]
[][][][][][][][][][][][][][][][][][][][][][][][][][][][][][][][][][][][][][][][
][][][][][][][][][][][][][][][][][][][][][][][][][][][][][][][][][][][][][][][]
[][][][][][][][][][][][][][][][][][][][][][][][][][][][][][][] 
 []


Overfull \hbox (5592.44633pt too wide) in paragraph at lines 1372--1374
[][][][][][][][][][][][][][][][][][][][][][][][][][][][][][][][][][][][][][][][
][][][][][][][][][][][][][][][][][][][][][][][][][][][][][][][][][][][][][][][]
[][][][][][][][][][][][][][][][][][][][][][][][][][][][][][][][][] 
 []

[106]
Overfull \hbox (40.73857pt too wide) in paragraph at lines 1389--1390
[][][][][][][][][]
 []


Overfull \hbox (40.73857pt too wide) in paragraph at lines 1390--1391
[][][][][][][][][]
 []


Overfull \hbox (40.73857pt too wide) in paragraph at lines 1391--1392
[][][][][][][][][][][][]
 []


Overfull \hbox (40.73857pt too wide) in paragraph at lines 1392--1393
[][][][][][][][][]
 []


Overfull \hbox (40.73857pt too wide) in paragraph at lines 1393--1395
[][][][][][][][][][][][][]
 []


Overfull \hbox (67.01884pt too wide) in paragraph at lines 1399--1401
[][][][][][][][][][][][][][][][][][] 
 []


Overfull \hbox (40.73857pt too wide) in paragraph at lines 1403--1404
[][][][][][][][][][][][] 
 []

[107]
Overfull \hbox (126.14946pt too wide) in paragraph at lines 1405--1406
[][][][][][][][][][][][][][][][][][] 
 []


Overfull \hbox (80.15898pt too wide) in paragraph at lines 1406--1407
[][][][][][][][][][][][][][] 
 []


Overfull \hbox (99.86919pt too wide) in paragraph at lines 1407--1408
[][][][][][][][][][][][][][] 
 []


Overfull \hbox (53.87871pt too wide) in paragraph at lines 1408--1410
[][][][][][][][][][][][] 
 []


Overfull \hbox (40.73857pt too wide) in paragraph at lines 1412--1413
[][][][][][][][][][][][] 
 []


Overfull \hbox (40.73857pt too wide) in paragraph at lines 1413--1414
[][][][][][][][][][][][][][][][][][] 
 []


Overfull \hbox (14.4583pt too wide) in paragraph at lines 1420--1421
[][][][][][][][][][][][] 
 []


Overfull \hbox (158.9998pt too wide) in paragraph at lines 1422--1423
[][][][][][][][][][][][][][][][][][][][][][] 
 []


Overfull \hbox (34.1685pt too wide) in paragraph at lines 1423--1424
[][][][][][][][][][][][] 
 []


Overfull \hbox (34.1685pt too wide) in paragraph at lines 1424--1426
[][][][][][][][][][][][] 
 []


Overfull \hbox (113.00932pt too wide) in paragraph at lines 1430--1431
[][][][][][][][][][][][][][][][][][][][][][][][][] 
 []

[108]
Overfull \hbox (99.86919pt too wide) in paragraph at lines 1441--1442
[][][][][][][][][][][][][][][][][][][][][][][][][] 
 []


Overfull \hbox (93.29912pt too wide) in paragraph at lines 1470--1471
[][][][][][][][][][][][][][][][][][][][][][][][][][][][][] 
 []

[109]
Overfull \hbox (40.73857pt too wide) in paragraph at lines 1478--1479
[][][][][][][][][][][][][][][][][][][][][][][][][][][][][][][] 
 []


Overfull \hbox (178.71pt too wide) in paragraph at lines 1483--1484
[][][][][][][][][][][][][][][][][][][][][][][][][][][][][][][][][][][] 
 []


Overfull \hbox (47.30864pt too wide) in paragraph at lines 1489--1490
[][][][][][][][][][][][][][][][][][][][][][][][][][][][][] 
 []


Overfull \hbox (47.30864pt too wide) in paragraph at lines 1490--1491
[][][][][][][][][][][][][][][][][][][][][][][][][][][][][][] 
 []


Overfull \hbox (27.59843pt too wide) in paragraph at lines 1491--1492
[][][][][][][][][][][][][][][][][][][][][][][][][][][][] 
 []


Overfull \hbox (27.59843pt too wide) in paragraph at lines 1494--1495
[][][][][][][][][][][][][][][][][][][][][][][][][][][][][] 
 []


Overfull \hbox (7.88823pt too wide) in paragraph at lines 1495--1496
[][][][][][][][][][][][][][][][][][][][][][][][][] 
 []


Overfull \hbox (1.31816pt too wide) in paragraph at lines 1496--1497
[][][][][][][][][][][][][][][][][][][][][][][][][] 
 []


Overfull \hbox (27.59843pt too wide) in paragraph at lines 1499--1500
[][][][][][][][][][][][][][][][][][][][][][][][][][][][] 
 []


Overfull \hbox (53.87871pt too wide) in paragraph at lines 1500--1502
[][][][][][][][][][][][][][][][][][][][][][][][][][][][][][][][][][] 
 []

[110]
Overfull \hbox (27.59843pt too wide) in paragraph at lines 1525--1526
[][][][][][][][][][][][][][][][][][][][][][] 
 []


Overfull \hbox (27.59843pt too wide) in paragraph at lines 1526--1527
[][][][][][][][][][][][][][][][][][][][][][][][][][][][][][] 
 []


Overfull \hbox (14.4583pt too wide) in paragraph at lines 1530--1531
[][][][][][][][][][][][][][][][][][][][][] 
 []


Overfull \hbox (53.87871pt too wide) in paragraph at lines 1546--1547
[][][][][][][][][][][][][][][][][][][][][][][][][][][][][] 
 []


Overfull \hbox (14.4583pt too wide) in paragraph at lines 1549--1550
[][][][][][][][][][][][][][][][][][] 
 []

[111]
Overfull \hbox (86.72905pt too wide) in paragraph at lines 1557--1558
[][][][][][][][][][][][][][][][][][][][][][][][][][][][] 
 []

[112]
Overfull \hbox (119.57939pt too wide) in paragraph at lines 1597--1599
[][][][][][][][][][][][][][][][][][][][][][][][][][][][][][][] 
 []

[113]
Overfull \hbox (1.31816pt too wide) in paragraph at lines 1641--1642
[][][][][][][][][][][][][][][][][][][][][][][][][][][][][][][][][][][][][][][] 

 []


Overfull \hbox (119.57939pt too wide) in paragraph at lines 1649--1650
[][][][][][][][][][][][][][][][][][][][][][][][][][][][][][][][][][][][][][][][
][][][][][][][][] 
 []

[114]
Overfull \hbox (7.88823pt too wide) in paragraph at lines 1674--1675
[][][][][][][][][][][][][][][][][][][][][][][][][][][][][][][][][][][][][][][][
][][] 
 []


Overfull \hbox (7.88823pt too wide) in paragraph at lines 1686--1687
[][][][][][][][][][][][][][][][][][][][][][][][][][][][][][][][][][][][][][][][
][][] 
 []

[115]
Overfull \hbox (369.24199pt too wide) in paragraph at lines 1694--1695
[][][][][][][][][][][][][][][][][][][][][][][][][][][][][][][][][][][][][][][][
] 
 []


Overfull \hbox (99.86919pt too wide) in paragraph at lines 1716--1717
[][][][][][][][][][][][][][][][][][][][][] 
 []

[116]
Overfull \hbox (14.4583pt too wide) in paragraph at lines 1735--1736
[][][][][][][][][][][][][][][][][][][][][][][][] 
 []


Overfull \hbox (14.4583pt too wide) in paragraph at lines 1738--1739
[][][][][][][][][][][][][][][][][][][][][][][][][] 
 []


Overfull \hbox (60.44878pt too wide) in paragraph at lines 1745--1746
[][][][][][][][][][][][][][][][][][][][][][][][][][][][][][][][][][][][] 
 []


Overfull \hbox (119.57939pt too wide) in paragraph at lines 1754--1755
[][][][][][][][][][][][][][][][][][][][][][][][][][][][][][][] 
 []


Overfull \hbox (40.73857pt too wide) in paragraph at lines 1756--1757
[][][][][][][][][][][][][][][][][][][][][][][][][][][][][][][] 
 []


Overfull \hbox (21.02837pt too wide) in paragraph at lines 1761--1762
[][][][][][][][][][][][][][][][][][][][][][][][][][][][][][] 
 []

[117]
Overfull \hbox (316.68144pt too wide) in paragraph at lines 1778--1779
[][][][][][][][][][][][][][][][][][][][][][][][][][][][][][][][][][][][][][][][
][][][][][][][][][][][] 
 []


Overfull \hbox (99.86919pt too wide) in paragraph at lines 1779--1780
[][][][][][][][][][][][][][][][][][][][][][][][][][][][][][][][][][][][][][] 
 []


Overfull \hbox (211.56035pt too wide) in paragraph at lines 1786--1787
[][][][][][][][][][][][][][][][][][][][][][][][][][][][][][][][][][][][][][][] 

 []


Overfull \hbox (113.00932pt too wide) in paragraph at lines 1794--1795
[][][][][][][][][][][][][][][][][][][][][][][][][][][][][][][][][][][][][][][][
][][][][][] 
 []


Overfull \hbox (106.43925pt too wide) in paragraph at lines 1797--1798
[][][][][][][][][][][][][][][][][][][][][][][][][] 
 []


Overfull \hbox (27.59843pt too wide) in paragraph at lines 1801--1802
[][][][][][][][][][][][][][][][][][][][][][][][][][][][][][][][][][] 
 []

[118]
Overfull \hbox (34.1685pt too wide) in paragraph at lines 1834--1835
[][][][][][][][][][][][][][][][][][][][][][][][][][][][] 
 []

[119]
Overfull \hbox (34.1685pt too wide) in paragraph at lines 1842--1843
[][][][][][][][][][][][][][][][][][][][][][][][][][][][] 
 []


Overfull \hbox (34.1685pt too wide) in paragraph at lines 1850--1851
[][][][][][][][][][][][][][][][][][][][][][][][][][][][] 
 []


Overfull \hbox (270.69096pt too wide) in paragraph at lines 1857--1858
[][][][][][][][][][][][][][][][][][][][][][][][][][][][][][][][][][][][][][][][
][][][] 
 []

[120] [121]
Overfull \hbox (1.31816pt too wide) in paragraph at lines 1911--1912
[][][][][][][][][][][][][][][][][][][][][][][][][][][][] 
 []

<"Images/Chapter 7/s1".png, id=2341, 858.20625pt x 69.25874pt>
File: "Images/Chapter 7/s1".png Graphic file (type png)

<use "Images/Chapter 7/s1".png>
Package pdftex.def Info: "Images/Chapter 7/s1".png used on input line 1922.
(pdftex.def)             Requested size: 419.16621pt x 33.82716pt.

<"Images/Chapter 7/s2".png, id=2342, 914.41624pt x 238.8925pt>
File: "Images/Chapter 7/s2".png Graphic file (type png)

<use "Images/Chapter 7/s2".png>
Package pdftex.def Info: "Images/Chapter 7/s2".png used on input line 1930.
(pdftex.def)             Requested size: 419.16621pt x 109.50548pt.

<"Images/Chapter 7/s3".png, id=2343, 1152.305pt x 55.20625pt>
File: "Images/Chapter 7/s3".png Graphic file (type png)

<use "Images/Chapter 7/s3".png>
Package pdftex.def Info: "Images/Chapter 7/s3".png used on input line 1938.
(pdftex.def)             Requested size: 628.74931pt x 30.12428pt.

Overfull \hbox (209.5831pt too wide) in paragraph at lines 1938--1939
 [] 
 []

<"Images/Chapter 7/s4".png, id=2344, 610.28pt x 112.42pt>
File: "Images/Chapter 7/s4".png Graphic file (type png)

<use "Images/Chapter 7/s4".png>
Package pdftex.def Info: "Images/Chapter 7/s4".png used on input line 1946.
(pdftex.def)             Requested size: 419.16621pt x 77.21822pt.

<"Images/Chapter 7/s5".png, id=2345, 1851.91875pt x 624.3325pt>
File: "Images/Chapter 7/s5".png Graphic file (type png)

<use "Images/Chapter 7/s5".png>
Package pdftex.def Info: "Images/Chapter 7/s5".png used on input line 1954.
(pdftex.def)             Requested size: 544.91734pt x 183.70969pt.

Overfull \hbox (125.75113pt too wide) in paragraph at lines 1954--1955
 [] 
 []

<"Images/Chapter 7/s6".png, id=2346, 639.38875pt x 101.37875pt>
File: "Images/Chapter 7/s6".png Graphic file (type png)

<use "Images/Chapter 7/s6".png>
Package pdftex.def Info: "Images/Chapter 7/s6".png used on input line 1962.
(pdftex.def)             Requested size: 293.41507pt x 46.5234pt.

<"Images/Chapter 7/s7".png, id=2347, 633.36626pt x 84.315pt>
File: "Images/Chapter 7/s7".png Graphic file (type png)

<use "Images/Chapter 7/s7".png>
Package pdftex.def Info: "Images/Chapter 7/s7".png used on input line 1970.
(pdftex.def)             Requested size: 461.08539pt x 61.38217pt.

Overfull \hbox (41.91917pt too wide) in paragraph at lines 1970--1971
 [] 
 []

<"Images/Chapter 7/s8".png, id=2348, 658.46pt x 531.9875pt>
File: "Images/Chapter 7/s8".png Graphic file (type png)

<use "Images/Chapter 7/s8".png>
Package pdftex.def Info: "Images/Chapter 7/s8".png used on input line 1978.
(pdftex.def)             Requested size: 377.24702pt x 304.79459pt.

<"Images/Chapter 7/s9".png, id=2349, 673.51625pt x 497.86pt>
File: "Images/Chapter 7/s9".png Graphic file (type png)

<use "Images/Chapter 7/s9".png>
Package pdftex.def Info: "Images/Chapter 7/s9".png used on input line 1986.
(pdftex.def)             Requested size: 461.08539pt x 340.83453pt.

Overfull \hbox (41.91917pt too wide) in paragraph at lines 1986--1987
 [] 
 []

[122pdfTeX warning (ext4): destination with the same identifier (name{figure.7.
1}) has been already used, duplicate ignored

\AtBegShi@Output ...ipout \box \AtBeginShipoutBox 
                                                  \fi \fi 
l.1993 \cleardoublepage
                       pdfTeX warning (ext4): destination with the same identif
ier (name{figure.7.2}) has been already used, duplicate ignored

\AtBegShi@Output ...ipout \box \AtBeginShipoutBox 
                                                  \fi \fi 
l.1993 \cleardoublepage
                        <./Images/Chapter 7/s1.png> <./Images/Chapter 7/s2.png>
] [123pdfTeX warning (ext4): destination with the same identifier (name{figure.
7.3}) has been already used, duplicate ignored

\AtBegShi@Output ...ipout \box \AtBeginShipoutBox 
                                                  \fi \fi 
l.1993 \cleardoublepage
                       pdfTeX warning (ext4): destination with the same identif
ier (name{figure.7.4}) has been already used, duplicate ignored

\AtBegShi@Output ...ipout \box \AtBeginShipoutBox 
                                                  \fi \fi 
l.1993 \cleardoublepage
                       pdfTeX warning (ext4): destination with the same identif
ier (name{figure.7.5}) has been already used, duplicate ignored

\AtBegShi@Output ...ipout \box \AtBeginShipoutBox 
                                                  \fi \fi 
l.1993 \cleardoublepage
                        <./Images/Chapter 7/s3.png> <./Images/Chapter 7/s4.png>
 <./Images/Chapter 7/s5.png>] [124pdfTeX warning (ext4): destination with the s
ame identifier (name{figure.7.6}) has been already used, duplicate ignored

\AtBegShi@Output ...ipout \box \AtBeginShipoutBox 
                                                  \fi \fi 
l.1993 \cleardoublepage
                       pdfTeX warning (ext4): destination with the same identif
ier (name{figure.7.7}) has been already used, duplicate ignored

\AtBegShi@Output ...ipout \box \AtBeginShipoutBox 
                                                  \fi \fi 
l.1993 \cleardoublepage
                        <./Images/Chapter 7/s6.png> <./Images/Chapter 7/s7.png>
] [125pdfTeX warning (ext4): destination with the same identifier (name{figure.
7.8}) has been already used, duplicate ignored

\AtBegShi@Output ...ipout \box \AtBeginShipoutBox 
                                                  \fi \fi 
l.1993 \cleardoublepage
                        <./Images/Chapter 7/s8.png>] [126pdfTeX warning (ext4):
 destination with the same identifier (name{figure.7.9}) has been already used,
 duplicate ignored

\AtBegShi@Output ...ipout \box \AtBeginShipoutBox 
                                                  \fi \fi 
l.1993 \cleardoublepage
                        <./Images/Chapter 7/s9.png>] (./grad-thesis.bbl
[127


]
Missing character: There is no √ in font cmr10!
Missing character: There is no § in font cmr10!
Missing character: There is no √ in font cmr10!
Missing character: There is no ∂ in font cmr10!
 [128]
Underfull \hbox (badness 1005) in paragraph at lines 149--154
[]\OT1/cmr/m/n/10.95 N. Pa-per-not, P. Mc-Daniel, and I. Good-fel-low.  Trans-f
er-abil-ity in Ma-chine
 []

Missing character: There is no √ in font cmr10!
Missing character: There is no § in font cmr10!
[129]
Missing character: There is no √ in font cmr10!
Missing character: There is no ® in font cmr10!
)
Package atveryend Info: Empty hook `BeforeClearDocument' on input line 1999.
 [130]
Package atveryend Info: Empty hook `AfterLastShipout' on input line 1999.
 (./grad-thesis.aux)
Package atveryend Info: Executing hook `AtVeryEndDocument' on input line 1999.
Package atveryend Info: Executing hook `AtEndAfterFileList' on input line 1999.

Package rerunfilecheck Info: File `grad-thesis.out' has not changed.
(rerunfilecheck)             Checksum: 28A0E98088DCE4260E635E969CFD85D8;7683.


LaTeX Warning: There were multiply-defined labels.

Package atveryend Info: Empty hook `AtVeryVeryEnd' on input line 1999.
 ) 
Here is how much of TeX's memory you used:
 10263 strings out of 494953
 151336 string characters out of 6180976
 253596 words of memory out of 5000000
 12193 multiletter control sequences out of 15000+600000
 17269 words of font info for 63 fonts, out of 8000000 for 9000
 14 hyphenation exceptions out of 8191
 29i,12n,45p,2065b,1700s stack positions out of 5000i,500n,10000p,200000b,80000s
</usr/share/texlive/texmf-dist/fonts/type1/public/amsfonts/cm/cmbx10.pfb></us
r/share/texlive/texmf-dist/fonts/type1/public/amsfonts/cm/cmbx12.pfb></usr/shar
e/texlive/texmf-dist/fonts/type1/public/amsfonts/cm/cmbxti10.pfb></usr/share/te
xlive/texmf-dist/fonts/type1/public/amsfonts/cm/cmex10.pfb></usr/share/texlive/
texmf-dist/fonts/type1/public/amsfonts/cm/cmmi10.pfb></usr/share/texlive/texmf-
dist/fonts/type1/public/amsfonts/cm/cmmi12.pfb></usr/share/texlive/texmf-dist/f
onts/type1/public/amsfonts/cm/cmmi6.pfb></usr/share/texlive/texmf-dist/fonts/ty
pe1/public/amsfonts/cm/cmmi8.pfb></usr/share/texlive/texmf-dist/fonts/type1/pub
lic/amsfonts/cm/cmr10.pfb></usr/share/texlive/texmf-dist/fonts/type1/public/ams
fonts/cm/cmr12.pfb></usr/share/texlive/texmf-dist/fonts/type1/public/amsfonts/c
m/cmr6.pfb></usr/share/texlive/texmf-dist/fonts/type1/public/amsfonts/cm/cmr8.p
fb></usr/share/texlive/texmf-dist/fonts/type1/public/amsfonts/cm/cmr9.pfb></usr
/share/texlive/texmf-dist/fonts/type1/public/amsfonts/cm/cmsl10.pfb></usr/share
/texlive/texmf-dist/fonts/type1/public/amsfonts/cm/cmsy10.pfb></usr/share/texli
ve/texmf-dist/fonts/type1/public/amsfonts/cm/cmsy6.pfb></usr/share/texlive/texm
f-dist/fonts/type1/public/amsfonts/cm/cmsy8.pfb></usr/share/texlive/texmf-dist/
fonts/type1/public/amsfonts/cm/cmti10.pfb></usr/share/texlive/texmf-dist/fonts/
type1/public/amsfonts/cm/cmti8.pfb></usr/share/texlive/texmf-dist/fonts/type1/p
ublic/amsfonts/symbols/msam10.pfb></usr/share/texlive/texmf-dist/fonts/type1/pu
blic/amsfonts/symbols/msbm10.pfb>
Output written on grad-thesis.pdf (143 pages, 3981732 bytes).
PDF statistics:
 2708 PDF objects out of 2984 (max. 8388607)
 2458 compressed objects within 25 object streams
 1170 named destinations out of 1200 (max. 500000)
 1015 words of extra memory for PDF output out of 10000 (max. 10000000)

