This is pdfTeX, Version 3.14159265-2.6-1.40.16 (TeX Live 2015/Debian) (preloaded format=pdflatex 2017.8.23)  7 MAR 2018 11:15
entering extended mode
 restricted \write18 enabled.
 %&-line parsing enabled.
**grad-thesis.tex
(./grad-thesis.tex
LaTeX2e <2016/02/01>
Babel <3.9q> and hyphenation patterns for 3 language(s) loaded.
(./RUthesis.cls
Document Class: RUthesis 2012/09/08 v3.0 Ryerson University thesis class
(/usr/share/texlive/texmf-dist/tex/latex/graphics/graphics.sty
Package: graphics 2016/01/03 v1.0q Standard LaTeX Graphics (DPC,SPQR)

(/usr/share/texlive/texmf-dist/tex/latex/graphics/trig.sty
Package: trig 2016/01/03 v1.10 sin cos tan (DPC)
)
(/usr/share/texlive/texmf-dist/tex/latex/latexconfig/graphics.cfg
File: graphics.cfg 2010/04/23 v1.9 graphics configuration of TeX Live
)
Package graphics Info: Driver file: pdftex.def on input line 95.

(/usr/share/texlive/texmf-dist/tex/latex/pdftex-def/pdftex.def
File: pdftex.def 2011/05/27 v0.06d Graphics/color for pdfTeX

(/usr/share/texlive/texmf-dist/tex/generic/oberdiek/infwarerr.sty
Package: infwarerr 2010/04/08 v1.3 Providing info/warning/error messages (HO)
)
(/usr/share/texlive/texmf-dist/tex/generic/oberdiek/ltxcmds.sty
Package: ltxcmds 2011/11/09 v1.22 LaTeX kernel commands for general use (HO)
)
\Gread@gobject=\count79
))
(/usr/share/texlive/texmf-dist/tex/latex/setspace/setspace.sty
Package: setspace 2011/12/19 v6.7a set line spacing
)
(/usr/share/texlive/texmf-dist/tex/latex/fancyhdr/fancyhdr.sty
\fancy@headwidth=\skip41
\f@ncyO@elh=\skip42
\f@ncyO@erh=\skip43
\f@ncyO@olh=\skip44
\f@ncyO@orh=\skip45
\f@ncyO@elf=\skip46
\f@ncyO@erf=\skip47
\f@ncyO@olf=\skip48
\f@ncyO@orf=\skip49
)
(/usr/share/texlive/texmf-dist/tex/latex/base/ifthen.sty
Package: ifthen 2014/09/29 v1.1c Standard LaTeX ifthen package (DPC)
)
(/usr/share/texlive/texmf-dist/tex/latex/cite/cite.sty
LaTeX Info: Redefining \cite on input line 302.
LaTeX Info: Redefining \nocite on input line 332.
Package: cite 2015/02/27  v 5.5
)
(/usr/share/texlive/texmf-dist/tex/latex/base/book.cls
Document Class: book 2014/09/29 v1.4h Standard LaTeX document class
(/usr/share/texlive/texmf-dist/tex/latex/base/bk11.clo
File: bk11.clo 2014/09/29 v1.4h Standard LaTeX file (size option)
)
\c@part=\count80
\c@chapter=\count81
\c@section=\count82
\c@subsection=\count83
\c@subsubsection=\count84
\c@paragraph=\count85
\c@subparagraph=\count86
\c@figure=\count87
\c@table=\count88
\abovecaptionskip=\skip50
\belowcaptionskip=\skip51
\bibindent=\dimen102
)
\RUsignatureheight=\skip52
)
(/usr/share/texlive/texmf-dist/tex/latex/tools/xspace.sty
Package: xspace 2014/10/28 v1.13 Space after command names (DPC,MH)
)
(/usr/share/texlive/texmf-dist/tex/latex/amsmath/amsmath.sty
Package: amsmath 2016/03/03 v2.15a AMS math features
\@mathmargin=\skip53

For additional information on amsmath, use the `?' option.
(/usr/share/texlive/texmf-dist/tex/latex/amsmath/amstext.sty
Package: amstext 2000/06/29 v2.01 AMS text

(/usr/share/texlive/texmf-dist/tex/latex/amsmath/amsgen.sty
File: amsgen.sty 1999/11/30 v2.0 generic functions
\@emptytoks=\toks14
\ex@=\dimen103
))
(/usr/share/texlive/texmf-dist/tex/latex/amsmath/amsbsy.sty
Package: amsbsy 1999/11/29 v1.2d Bold Symbols
\pmbraise@=\dimen104
)
(/usr/share/texlive/texmf-dist/tex/latex/amsmath/amsopn.sty
Package: amsopn 1999/12/14 v2.01 operator names
)
\inf@bad=\count89
LaTeX Info: Redefining \frac on input line 199.
\uproot@=\count90
\leftroot@=\count91
LaTeX Info: Redefining \overline on input line 297.
\classnum@=\count92
\DOTSCASE@=\count93
LaTeX Info: Redefining \ldots on input line 394.
LaTeX Info: Redefining \dots on input line 397.
LaTeX Info: Redefining \cdots on input line 518.
\Mathstrutbox@=\box26
\strutbox@=\box27
\big@size=\dimen105
LaTeX Font Info:    Redeclaring font encoding OML on input line 630.
LaTeX Font Info:    Redeclaring font encoding OMS on input line 631.
\macc@depth=\count94
\c@MaxMatrixCols=\count95
\dotsspace@=\muskip10
\c@parentequation=\count96
\dspbrk@lvl=\count97
\tag@help=\toks15
\row@=\count98
\column@=\count99
\maxfields@=\count100
\andhelp@=\toks16
\eqnshift@=\dimen106
\alignsep@=\dimen107
\tagshift@=\dimen108
\tagwidth@=\dimen109
\totwidth@=\dimen110
\lineht@=\dimen111
\@envbody=\toks17
\multlinegap=\skip54
\multlinetaggap=\skip55
\mathdisplay@stack=\toks18
LaTeX Info: Redefining \[ on input line 2735.
LaTeX Info: Redefining \] on input line 2736.
)
(/usr/share/texlive/texmf-dist/tex/latex/amsfonts/amssymb.sty
Package: amssymb 2013/01/14 v3.01 AMS font symbols

(/usr/share/texlive/texmf-dist/tex/latex/amsfonts/amsfonts.sty
Package: amsfonts 2013/01/14 v3.01 Basic AMSFonts support
\symAMSa=\mathgroup4
\symAMSb=\mathgroup5
LaTeX Font Info:    Overwriting math alphabet `\mathfrak' in version `bold'
(Font)                  U/euf/m/n --> U/euf/b/n on input line 106.
))
(/usr/share/texlive/texmf-dist/tex/latex/SIunits/SIunits.sty
Package: SIunits 2007/12/02 v1.36 Support for the International System of units
 (MH)


\@qskwidth=\skip56
\symgreek=\mathgroup6
(/usr/share/texlive/texmf-dist/tex/latex/SIunits/SIunits.cfg)
Option `squaren' provided!
) (/usr/share/texlive/texmf-dist/tex/latex/hyperref/hyperref.sty
Package: hyperref 2012/11/06 v6.83m Hypertext links for LaTeX

(/usr/share/texlive/texmf-dist/tex/generic/oberdiek/hobsub-hyperref.sty
Package: hobsub-hyperref 2012/05/28 v1.13 Bundle oberdiek, subset hyperref (HO)


(/usr/share/texlive/texmf-dist/tex/generic/oberdiek/hobsub-generic.sty
Package: hobsub-generic 2012/05/28 v1.13 Bundle oberdiek, subset generic (HO)
Package: hobsub 2012/05/28 v1.13 Construct package bundles (HO)
Package hobsub Info: Skipping package `infwarerr' (already loaded).
Package hobsub Info: Skipping package `ltxcmds' (already loaded).
Package: ifluatex 2010/03/01 v1.3 Provides the ifluatex switch (HO)
Package ifluatex Info: LuaTeX not detected.
Package: ifvtex 2010/03/01 v1.5 Detect VTeX and its facilities (HO)
Package ifvtex Info: VTeX not detected.
Package: intcalc 2007/09/27 v1.1 Expandable calculations with integers (HO)
Package: ifpdf 2011/01/30 v2.3 Provides the ifpdf switch (HO)
Package ifpdf Info: pdfTeX in PDF mode is detected.
Package: etexcmds 2011/02/16 v1.5 Avoid name clashes with e-TeX commands (HO)
Package etexcmds Info: Could not find \expanded.
(etexcmds)             That can mean that you are not using pdfTeX 1.50 or
(etexcmds)             that some package has redefined \expanded.
(etexcmds)             In the latter case, load this package earlier.
Package: kvsetkeys 2012/04/25 v1.16 Key value parser (HO)
Package: kvdefinekeys 2011/04/07 v1.3 Define keys (HO)
Package: pdftexcmds 2011/11/29 v0.20 Utility functions of pdfTeX for LuaTeX (HO
)
Package pdftexcmds Info: LuaTeX not detected.
Package pdftexcmds Info: \pdf@primitive is available.
Package pdftexcmds Info: \pdf@ifprimitive is available.
Package pdftexcmds Info: \pdfdraftmode found.
Package: pdfescape 2011/11/25 v1.13 Implements pdfTeX's escape features (HO)
Package: bigintcalc 2012/04/08 v1.3 Expandable calculations on big integers (HO
)
Package: bitset 2011/01/30 v1.1 Handle bit-vector datatype (HO)
Package: uniquecounter 2011/01/30 v1.2 Provide unlimited unique counter (HO)
)
Package hobsub Info: Skipping package `hobsub' (already loaded).
Package: letltxmacro 2010/09/02 v1.4 Let assignment for LaTeX macros (HO)
Package: hopatch 2012/05/28 v1.2 Wrapper for package hooks (HO)
Package: xcolor-patch 2011/01/30 xcolor patch
Package: atveryend 2011/06/30 v1.8 Hooks at the very end of document (HO)
Package atveryend Info: \enddocument detected (standard20110627).
Package: atbegshi 2011/10/05 v1.16 At begin shipout hook (HO)
Package: refcount 2011/10/16 v3.4 Data extraction from label references (HO)
Package: hycolor 2011/01/30 v1.7 Color options for hyperref/bookmark (HO)
)
(/usr/share/texlive/texmf-dist/tex/latex/graphics/keyval.sty
Package: keyval 2014/10/28 v1.15 key=value parser (DPC)
\KV@toks@=\toks19
)
(/usr/share/texlive/texmf-dist/tex/generic/ifxetex/ifxetex.sty
Package: ifxetex 2010/09/12 v0.6 Provides ifxetex conditional
)
(/usr/share/texlive/texmf-dist/tex/latex/oberdiek/auxhook.sty
Package: auxhook 2011/03/04 v1.3 Hooks for auxiliary files (HO)
)
(/usr/share/texlive/texmf-dist/tex/latex/oberdiek/kvoptions.sty
Package: kvoptions 2011/06/30 v3.11 Key value format for package options (HO)
)
\@linkdim=\dimen112
\Hy@linkcounter=\count101
\Hy@pagecounter=\count102

(/usr/share/texlive/texmf-dist/tex/latex/hyperref/pd1enc.def
File: pd1enc.def 2012/11/06 v6.83m Hyperref: PDFDocEncoding definition (HO)
)
\Hy@SavedSpaceFactor=\count103

(/usr/share/texlive/texmf-dist/tex/latex/latexconfig/hyperref.cfg
File: hyperref.cfg 2002/06/06 v1.2 hyperref configuration of TeXLive
)
Package hyperref Info: Hyper figures OFF on input line 4443.
Package hyperref Info: Link nesting OFF on input line 4448.
Package hyperref Info: Hyper index ON on input line 4451.
Package hyperref Info: Plain pages OFF on input line 4458.
Package hyperref Info: Backreferencing OFF on input line 4463.
Package hyperref Info: Implicit mode ON; LaTeX internals redefined.
Package hyperref Info: Bookmarks ON on input line 4688.
\c@Hy@tempcnt=\count104

(/usr/share/texlive/texmf-dist/tex/latex/url/url.sty
\Urlmuskip=\muskip11
Package: url 2013/09/16  ver 3.4  Verb mode for urls, etc.
)
LaTeX Info: Redefining \url on input line 5041.
\XeTeXLinkMargin=\dimen113
\Fld@menulength=\count105
\Field@Width=\dimen114
\Fld@charsize=\dimen115
Package hyperref Info: Hyper figures OFF on input line 6295.
Package hyperref Info: Link nesting OFF on input line 6300.
Package hyperref Info: Hyper index ON on input line 6303.
Package hyperref Info: backreferencing OFF on input line 6310.
Package hyperref Info: Link coloring OFF on input line 6315.
Package hyperref Info: Link coloring with OCG OFF on input line 6320.
Package hyperref Info: PDF/A mode OFF on input line 6325.
LaTeX Info: Redefining \ref on input line 6365.
LaTeX Info: Redefining \pageref on input line 6369.
\Hy@abspage=\count106
\c@Item=\count107
\c@Hfootnote=\count108
)

Package hyperref Message: Driver (autodetected): hpdftex.

(/usr/share/texlive/texmf-dist/tex/latex/hyperref/hpdftex.def
File: hpdftex.def 2012/11/06 v6.83m Hyperref driver for pdfTeX
\Fld@listcount=\count109
\c@bookmark@seq@number=\count110

(/usr/share/texlive/texmf-dist/tex/latex/oberdiek/rerunfilecheck.sty
Package: rerunfilecheck 2011/04/15 v1.7 Rerun checks for auxiliary files (HO)
Package uniquecounter Info: New unique counter `rerunfilecheck' on input line 2
82.
)
\Hy@SectionHShift=\skip57
)
(/usr/share/texlive/texmf-dist/tex/latex/graphics/graphicx.sty
Package: graphicx 2014/10/28 v1.0g Enhanced LaTeX Graphics (DPC,SPQR)
\Gin@req@height=\dimen116
\Gin@req@width=\dimen117
)
(/usr/share/texlive/texmf-dist/tex/latex/listings/listings.sty
\lst@mode=\count111
\lst@gtempboxa=\box28
\lst@token=\toks20
\lst@length=\count112
\lst@currlwidth=\dimen118
\lst@column=\count113
\lst@pos=\count114
\lst@lostspace=\dimen119
\lst@width=\dimen120
\lst@newlines=\count115
\lst@lineno=\count116
\lst@maxwidth=\dimen121

(/usr/share/texlive/texmf-dist/tex/latex/listings/lstmisc.sty
File: lstmisc.sty 2015/06/04 1.6 (Carsten Heinz)
\c@lstnumber=\count117
\lst@skipnumbers=\count118
\lst@framebox=\box29
)
(/usr/share/texlive/texmf-dist/tex/latex/listings/listings.cfg
File: listings.cfg 2015/06/04 1.6 listings configuration
))
Package: listings 2015/06/04 1.6 (Carsten Heinz)
Package hyperref Info: Option `colorlinks' set `true' on input line 17.

(./grad-thesis.aux

LaTeX Warning: Label `fig:optimization' multiply defined.


LaTeX Warning: Label `fig:optimization' multiply defined.

)
\openout1 = `grad-thesis.aux'.

LaTeX Font Info:    Checking defaults for OML/cmm/m/it on input line 65.
LaTeX Font Info:    ... okay on input line 65.
LaTeX Font Info:    Checking defaults for T1/cmr/m/n on input line 65.
LaTeX Font Info:    ... okay on input line 65.
LaTeX Font Info:    Checking defaults for OT1/cmr/m/n on input line 65.
LaTeX Font Info:    ... okay on input line 65.
LaTeX Font Info:    Checking defaults for OMS/cmsy/m/n on input line 65.
LaTeX Font Info:    ... okay on input line 65.
LaTeX Font Info:    Checking defaults for OMX/cmex/m/n on input line 65.
LaTeX Font Info:    ... okay on input line 65.
LaTeX Font Info:    Checking defaults for U/cmr/m/n on input line 65.
LaTeX Font Info:    ... okay on input line 65.
LaTeX Font Info:    Checking defaults for TS1/cmr/m/n on input line 65.
LaTeX Font Info:    Try loading font information for TS1+cmr on input line 65.
 (/usr/share/texlive/texmf-dist/tex/latex/base/ts1cmr.fd
File: ts1cmr.fd 2014/09/29 v2.5h Standard LaTeX font definitions
)
LaTeX Font Info:    ... okay on input line 65.
LaTeX Font Info:    Checking defaults for PD1/pdf/m/n on input line 65.
LaTeX Font Info:    ... okay on input line 65.

(/usr/share/texlive/texmf-dist/tex/context/base/supp-pdf.mkii
[Loading MPS to PDF converter (version 2006.09.02).]
\scratchcounter=\count119
\scratchdimen=\dimen122
\scratchbox=\box30
\nofMPsegments=\count120
\nofMParguments=\count121
\everyMPshowfont=\toks21
\MPscratchCnt=\count122
\MPscratchDim=\dimen123
\MPnumerator=\count123
\makeMPintoPDFobject=\count124
\everyMPtoPDFconversion=\toks22
) (/usr/share/texlive/texmf-dist/tex/latex/oberdiek/epstopdf-base.sty
Package: epstopdf-base 2010/02/09 v2.5 Base part for package epstopdf

(/usr/share/texlive/texmf-dist/tex/latex/oberdiek/grfext.sty
Package: grfext 2010/08/19 v1.1 Manage graphics extensions (HO)
)
Package grfext Info: Graphics extension search list:
(grfext)             [.png,.pdf,.jpg,.mps,.jpeg,.jbig2,.jb2,.PNG,.PDF,.JPG,.JPE
G,.JBIG2,.JB2,.eps]
(grfext)             \AppendGraphicsExtensions on input line 452.

(/usr/share/texlive/texmf-dist/tex/latex/latexconfig/epstopdf-sys.cfg
File: epstopdf-sys.cfg 2010/07/13 v1.3 Configuration of (r)epstopdf for TeX Liv
e
))
Option `squaren' provided! 
 Command \squaren defined by SIunits package!

\AtBeginShipoutBox=\box31
(/usr/share/texlive/texmf-dist/tex/latex/graphics/color.sty
Package: color 2016/01/03 v1.1b Standard LaTeX Color (DPC)

(/usr/share/texlive/texmf-dist/tex/latex/latexconfig/color.cfg
File: color.cfg 2007/01/18 v1.5 color configuration of teTeX/TeXLive
)
Package color Info: Driver file: pdftex.def on input line 143.
)
Package hyperref Info: Link coloring ON on input line 65.

(/usr/share/texlive/texmf-dist/tex/latex/hyperref/nameref.sty
Package: nameref 2012/10/27 v2.43 Cross-referencing by name of section

(/usr/share/texlive/texmf-dist/tex/generic/oberdiek/gettitlestring.sty
Package: gettitlestring 2010/12/03 v1.4 Cleanup title references (HO)
)
\c@section@level=\count125
)
LaTeX Info: Redefining \ref on input line 65.
LaTeX Info: Redefining \pageref on input line 65.
LaTeX Info: Redefining \nameref on input line 65.

(./grad-thesis.out) (./grad-thesis.out)
\@outlinefile=\write3
\openout3 = `grad-thesis.out'.

\c@lstlisting=\count126
LaTeX Font Info:    Try loading font information for OMS+cmr on input line 68.

(/usr/share/texlive/texmf-dist/tex/latex/base/omscmr.fd
File: omscmr.fd 2014/09/29 v2.5h Standard LaTeX font definitions
)
LaTeX Font Info:    Font shape `OMS/cmr/m/n' in size <10.95> not available
(Font)              Font shape `OMS/cmsy/m/n' tried instead on input line 68.
 [1



{/var/lib/texmf/fonts/map/pdftex/updmap/pdftex.map}] [2


] [3

] [4

] [5

] (./grad-thesis.toc
LaTeX Font Info:    Try loading font information for U+msa on input line 2.

(/usr/share/texlive/texmf-dist/tex/latex/amsfonts/umsa.fd
File: umsa.fd 2013/01/14 v3.01 AMS symbols A
)
LaTeX Font Info:    Try loading font information for U+msb on input line 2.

(/usr/share/texlive/texmf-dist/tex/latex/amsfonts/umsb.fd
File: umsb.fd 2013/01/14 v3.01 AMS symbols B
) [6


] [7] [8])
\tf@toc=\write4
\openout4 = `grad-thesis.toc'.


[9] (./grad-thesis.lot)
\tf@lot=\write5
\openout5 = `grad-thesis.lot'.

 [10


] (./grad-thesis.lof [11



])
\tf@lof=\write6
\openout6 = `grad-thesis.lof'.

 [12]
Chapter 1.
Missing character: There is no ‚ in font cmr10!
Missing character: There is no Ä in font cmr10!
Missing character: There is no ô in font cmr10!
pdfTeX warning (ext4): destination with the same identifier (name{page.1}) has 
been already used, duplicate ignored
<to be read again> 
                   \relax 
l.74 \section
             {The Problem at a Glance} [1



]
Missing character: There is no ‚ in font cmr10!
Missing character: There is no Ä in font cmr10!
Missing character: There is no ô in font cmr10!
Missing character: There is no ‚ in font cmr10!
Missing character: There is no Ä in font cmr10!
Missing character: There is no ô in font cmr10!

Underfull \hbox (badness 10000) in paragraph at lines 77--79

 []


Package Fancyhdr Warning: \headheight is too small (12.0pt): 
 Make it at least 13.59999pt.
 We now make it that large for the rest of the document.
 This may cause the page layout to be inconsistent, however.

[2]
Missing character: There is no ‚ in font cmr10!
Missing character: There is no Ä in font cmr10!
Missing character: There is no ô in font cmr10!
 [3]
Underfull \hbox (badness 10000) in paragraph at lines 83--86

 []


Underfull \hbox (badness 10000) in paragraph at lines 83--86

 []

Missing character: There is no ‚ in font cmr10!
Missing character: There is no Ä in font cmr10!
Missing character: There is no ú in font cmr10!
Missing character: There is no ‚ in font cmr10!
Missing character: There is no Ä in font cmr10!
Missing character: There is no ù in font cmr10!
[4]
LaTeX Font Info:    Font shape `OMS/cmr/m/it' in size <10.95> not available
(Font)              Font shape `OMS/cmsy/m/n' tried instead on input line 95.
 [5]
Chapter 2.
<"Images/Chapter 1/DNN".png, id=660, 426.59375pt x 242.9075pt>
File: "Images/Chapter 1/DNN".png Graphic file (type png)

<use "Images/Chapter 1/DNN".png>
Package pdftex.def Info: "Images/Chapter 1/DNN".png used on input line 119.
(pdftex.def)             Requested size: 314.37465pt x 179.01854pt.

Underfull \hbox (badness 10000) in paragraph at lines 108--123

 []


Underfull \hbox (badness 10000) in paragraph at lines 108--123

 []


Underfull \hbox (badness 10000) in paragraph at lines 108--123

 []

[6

] [7] [8 <./Images/Chapter 1/DNN.png>]
Overfull \hbox (0.26422pt too wide) in paragraph at lines 130--131
[]\OT1/cmr/m/it/10.95 Poorly Trained DNN Mod-els \OT1/cmr/m/n/10.95 - al-though
 con-sid-ered an over-sight, rather than blamed
 []

[9]
<"Images/Chapter 2/adversarial_example".jpg, id=700, 1003.75pt x 326.21875pt>
File: "Images/Chapter 2/adversarial_example".jpg Graphic file (type jpg)

<use "Images/Chapter 2/adversarial_example".jpg>
Package pdftex.def Info: "Images/Chapter 2/adversarial_example".jpg used on inp
ut line 139.
(pdftex.def)             Requested size: 293.41507pt x 95.3626pt.

<"Images/Chapter 2/AdversarialExample".png, id=704, 514.92375pt x 269.005pt>
File: "Images/Chapter 2/AdversarialExample".png Graphic file (type png)

<use "Images/Chapter 2/AdversarialExample".png>
Package pdftex.def Info: "Images/Chapter 2/AdversarialExample".png used on inpu
t line 146.
(pdftex.def)             Requested size: 227.62pt x 227.62505pt.
 [10 <./Images/Chapter 2/adversarial_example.jpg>]
<"Images/Chapter 2/DecisionBoundary".png, id=716, 963.6pt x 722.7pt>
File: "Images/Chapter 2/DecisionBoundary".png Graphic file (type png)

<use "Images/Chapter 2/DecisionBoundary".png>
Package pdftex.def Info: "Images/Chapter 2/DecisionBoundary".png used on input 
line 155.
(pdftex.def)             Requested size: 398.20662pt x 298.64674pt.
 [11 <./Images/Chapter 2/AdversarialExample.png>]

LaTeX Warning: `h' float specifier changed to `ht'.


Underfull \hbox (badness 10000) in paragraph at lines 162--168

 []


Underfull \hbox (badness 10000) in paragraph at lines 162--168

 []


Underfull \hbox (badness 10000) in paragraph at lines 162--168

 []


Underfull \hbox (badness 10000) in paragraph at lines 162--168

 []


Underfull \hbox (badness 10000) in paragraph at lines 162--168

 []

[12] [13 <./Images/Chapter 2/DecisionBoundary.png>]
Underfull \hbox (badness 10000) in paragraph at lines 168--173

 []


Underfull \hbox (badness 10000) in paragraph at lines 168--173

 []


Underfull \hbox (badness 10000) in paragraph at lines 173--176

 []

<"Images/Chapter 2/JSMA".png, id=746, 389.455pt x 65.24374pt>
File: "Images/Chapter 2/JSMA".png Graphic file (type png)

<use "Images/Chapter 2/JSMA".png>
Package pdftex.def Info: "Images/Chapter 2/JSMA".png used on input line 180.
(pdftex.def)             Requested size: 314.37465pt x 52.66794pt.

Underfull \hbox (badness 10000) in paragraph at lines 176--186

 []

[14] <"Images/Chapter 2/optimization".png, id=759, 487.8225pt x 36.135pt>
File: "Images/Chapter 2/optimization".png Graphic file (type png)

<use "Images/Chapter 2/optimization".png>
Package pdftex.def Info: "Images/Chapter 2/optimization".png used on input line
 190.
(pdftex.def)             Requested size: 341.4362pt x 18.49365pt.

<"Images/Chapter 2/ConvexvsNon".png, id=761, 763.85374pt x 275.0275pt>
File: "Images/Chapter 2/ConvexvsNon".png Graphic file (type png)

<use "Images/Chapter 2/ConvexvsNon".png>
Package pdftex.def Info: "Images/Chapter 2/ConvexvsNon".png used on input line 
198.
(pdftex.def)             Requested size: 293.41507pt x 105.6446pt.
 [15 <./Images/Chapter 2/JSMA.png> <./Images/Chapter 2/optimization.png>] [16 <
./Images/Chapter 2/ConvexvsNon.png>]
[17] [18]
<"Images/Chapter 2/SuccessRateAdversary".png, id=797, 557.08125pt x 413.545pt>
File: "Images/Chapter 2/SuccessRateAdversary".png Graphic file (type png)

<use "Images/Chapter 2/SuccessRateAdversary".png>
Package pdftex.def Info: "Images/Chapter 2/SuccessRateAdversary".png used on in
put line 227.
(pdftex.def)             Requested size: 213.39314pt x 213.39767pt.

Underfull \hbox (badness 10000) in paragraph at lines 222--234

 []


Underfull \hbox (badness 10000) in paragraph at lines 222--234

 []


LaTeX Warning: `h' float specifier changed to `ht'.

[19] [20 <./Images/Chapter 2/SuccessRateAdversary.png>]
<"Images/Chapter 2/BlackBox".png, id=816, 252.945pt x 167.62625pt>
File: "Images/Chapter 2/BlackBox".png Graphic file (type png)

<use "Images/Chapter 2/BlackBox".png>
Package pdftex.def Info: "Images/Chapter 2/BlackBox".png used on input line 238
.
(pdftex.def)             Requested size: 213.39865pt x 213.3945pt.
File: "Images/Chapter 2/optimization".png Graphic file (type png)

<use "Images/Chapter 2/optimization".png>
Package pdftex.def Info: "Images/Chapter 2/optimization".png used on input line
 248.
(pdftex.def)             Requested size: 341.4362pt x 18.49365pt.
 [21 <./Images/Chapter 2/BlackBox.png>] [22] [23] [24]
<"Images/Chapter 2/algoirthm-training".png, id=868, 413.545pt x 290.08376pt>
File: "Images/Chapter 2/algoirthm-training".png Graphic file (type png)

<use "Images/Chapter 2/algoirthm-training".png>
Package pdftex.def Info: "Images/Chapter 2/algoirthm-training".png used on inpu
t line 269.
(pdftex.def)             Requested size: 341.43753pt x 284.54572pt.


LaTeX Warning: `h' float specifier changed to `ht'.

[25] [26 <./Images/Chapter 2/algoirthm-training.png>] [27] [28]
<"Images/Chapter 2/honeypot".jpg, id=915, 350.81062pt x 412.54124pt>
File: "Images/Chapter 2/honeypot".jpg Graphic file (type jpg)

<use "Images/Chapter 2/honeypot".jpg>
Package pdftex.def Info: "Images/Chapter 2/honeypot".jpg used on input line 293
.
(pdftex.def)             Requested size: 213.39998pt x 213.3959pt.


LaTeX Warning: `h' float specifier changed to `ht'.

[29] [30 <./Images/Chapter 2/honeypot.jpg>] [31] [32]
<"Images/Chapter 2/LowInterHP".png, id=954, 345.29pt x 340.27126pt>
File: "Images/Chapter 2/LowInterHP".png Graphic file (type png)

<use "Images/Chapter 2/LowInterHP".png>
Package pdftex.def Info: "Images/Chapter 2/LowInterHP".png used on input line 3
63.
(pdftex.def)             Requested size: 213.3979pt x 213.3959pt.


LaTeX Warning: `h' float specifier changed to `ht'.

<"Images/Chapter 2/HighInterHP".png, id=956, 343.2825pt x 354.32375pt>
File: "Images/Chapter 2/HighInterHP".png Graphic file (type png)

<use "Images/Chapter 2/HighInterHP".png>
Package pdftex.def Info: "Images/Chapter 2/HighInterHP".png used on input line 
373.
(pdftex.def)             Requested size: 213.39342pt x 213.40146pt.
 [33]

LaTeX Warning: `h' float specifier changed to `ht'.


Underfull \hbox (badness 10000) in paragraph at lines 380--384

 []

[34 <./Images/Chapter 2/LowInterHP.png>]
File: "Images/Chapter 2/optimization".png Graphic file (type png)

<use "Images/Chapter 2/optimization".png>
Package pdftex.def Info: "Images/Chapter 2/optimization".png used on input line
 392.
(pdftex.def)             Requested size: 341.4362pt x 18.49365pt.
 [35 <./Images/Chapter 2/HighInterHP.png>] [36]
Chapter 3.
[37

] [38] [39] [40]
Chapter 4.
[41

]
Underfull \hbox (badness 10000) in paragraph at lines 436--439

 []


Overfull \hbox (11.54466pt too wide) in paragraph at lines 440--441
\OMS/cmsy/m/n/10.95 f\OML/cmm/m/it/10.95 f[]\OT1/cmr/m/n/10.95 (\OML/cmm/m/it/1
0.95 f[]; f[]; :::; f[]\OT1/cmr/m/n/10.95 )\OML/cmm/m/it/10.95 ; f[]\OT1/cmr/m/
n/10.95 (\OML/cmm/m/it/10.95 f[]; f[]; f[]; :::; f[]\OT1/cmr/m/n/10.95 )\OML/cm
m/m/it/10.95 ; f[]\OT1/cmr/m/n/10.95 (\OML/cmm/m/it/10.95 f[]; f[]; f[]; :::; f
[]\OT1/cmr/m/n/10.95 )\OML/cmm/m/it/10.95 ; :::; f[]\OT1/cmr/m/n/10.95 (\OML/cm
m/m/it/10.95 f[]:::\OT1/cmr/m/n/10.95 )\OMS/cmsy/m/n/10.95 g$\OT1/cmr/m/n/10.95
 .
 []


Overfull \hbox (17.74791pt too wide) in paragraph at lines 440--441
\OT1/cmr/m/n/10.95 model; 2) DNN in-put and out-put lay-ers of the DNN, rep-re-
sented by $\OML/cmm/m/it/10.95 X \OT1/cmr/m/n/10.95 = \OMS/cmsy/m/n/10.95 f\OML
/cmm/m/it/10.95 X[]; X[]; X[]; :::; X[]\OMS/cmsy/m/n/10.95 g$
 []

[42]
Overfull \hbox (6.23048pt too wide) in paragraph at lines 444--445
 []\OT1/cmr/bx/n/10.95 Adversarial To-ken Plau-si-bil-ity -[] \OT1/cmr/m/n/10.9
5 The ad-ver-sar-ial hon-ey-to-kens $\OML/cmm/m/it/10.95 H[] \OT1/cmr/m/n/10.95
 = \OMS/cmsy/m/n/10.95 f\OML/cmm/m/it/10.95 H[]; H[]; :::; H[]\OMS/cmsy/m/n/10.
95 g$
 []

[43]
Overfull \hbox (0.91823pt too wide) in paragraph at lines 449--450
 []\OT1/cmr/bx/n/10.95 Using High-Interaction Hon-ey-pots -[] \OT1/cmr/m/n/10.9
5 as men-tioned in sec-tion 2.4.5, \OT1/cmr/m/it/10.95 high-interaction
 []

[44] [45] [46] [47] [48] [49] [50] [51] [52] [53]
Chapter 5.
[54

]

Package Fancyhdr Warning: \headheight is too small (13.59999pt): 
 Make it at least 25.16252pt.
 We now make it that large for the rest of the document.
 This may cause the page layout to be inconsistent, however.

[55]
Underfull \hbox (badness 10000) in paragraph at lines 522--537

 []

<"Images/Chapter 5/AHTarchitecture".png, id=1120, 963.6pt x 722.7pt>
File: "Images/Chapter 5/AHTarchitecture".png Graphic file (type png)

<use "Images/Chapter 5/AHTarchitecture".png>
Package pdftex.def Info: "Images/Chapter 5/AHTarchitecture".png used on input l
ine 541.
(pdftex.def)             Requested size: 293.41507pt x 220.05376pt.
 [56] [57 <./Images/Chapter 5/AHTarchitecture.png>] [58] [59] [60]
<"Images/Chapter 5/AdversarialTokensLeak".jpg, id=1159, 963.6pt x 722.7pt>
File: "Images/Chapter 5/AdversarialTokensLeak".jpg Graphic file (type jpg)

<use "Images/Chapter 5/AdversarialTokensLeak".jpg>
Package pdftex.def Info: "Images/Chapter 5/AdversarialTokensLeak".jpg used on i
nput line 612.
(pdftex.def)             Requested size: 293.41507pt x 220.05376pt.

<"Images/Chapter 5/Docker".png, id=1160, 963.6pt x 722.7pt>
File: "Images/Chapter 5/Docker".png Graphic file (type png)

<use "Images/Chapter 5/Docker".png>
Package pdftex.def Info: "Images/Chapter 5/Docker".png used on input line 621.
(pdftex.def)             Requested size: 293.41507pt x 220.05376pt.
 [61 <./Images/Chapter 5/AdversarialTokensLeak.jpg>] [62 <./Images/Chapter 5/Do
cker.png>]
Missing character: There is no ‚ in font cmr10!
Missing character: There is no Ä in font cmr10!
Missing character: There is no ì in font cmr10!
 [63]
<"Images/Chapter 5/Scenario1".png, id=1179, 1218.5525pt x 700.6175pt>
File: "Images/Chapter 5/Scenario1".png Graphic file (type png)

<use "Images/Chapter 5/Scenario1".png>
Package pdftex.def Info: "Images/Chapter 5/Scenario1".png used on input line 64
1.
(pdftex.def)             Requested size: 377.24702pt x 216.90053pt.
 [64 <./Images/Chapter 5/Scenario1.png>]
Missing character: There is no ‚ in font cmr10!
Missing character: There is no Ä in font cmr10!
Missing character: There is no ò in font cmr10!
Missing character: There is no ‚ in font cmr10!
Missing character: There is no Ä in font cmr10!
Missing character: There is no ô in font cmr10!

Underfull \hbox (badness 10000) in paragraph at lines 675--682

 []

Missing character: There is no ‚ in font cmr10!
Missing character: There is no Ä in font cmr10!
Missing character: There is no ú in font cmr10!
Missing character: There is no ‚ in font cmr10!
Missing character: There is no Ä in font cmr10!
Missing character: There is no ù in font cmr10!

Underfull \hbox (badness 10000) in paragraph at lines 685--691

 []


Overfull \hbox (2.41295pt too wide) in paragraph at lines 692--693
[][][][][][][][][][][][][][][][][][][][][][][][][][][][][] 
 []

Missing character: There is no ‚ in font cmr10!
Missing character: There is no Ä in font cmr10!
Missing character: There is no ú in font cmr10!
Missing character: There is no ‚ in font cmr10!
Missing character: There is no Ä in font cmr10!
Missing character: There is no ù in font cmr10!

Underfull \hbox (badness 10000) in paragraph at lines 694--700

 []

[65]
Overfull \hbox (2.41295pt too wide) in paragraph at lines 701--702
[][][][][][][][][][][][][][][][][][][][][][][][][][][][][] 
 []


Underfull \hbox (badness 10000) in paragraph at lines 714--715

 []

[66]
Overfull \hbox (28.69322pt too wide) in paragraph at lines 745--746
[][][][][][][][][][][][][][][][][][][][][][][][][][][][][][][] 
 []

Missing character: There is no ‚ in font cmr10!
Missing character: There is no Ä in font cmr10!
Missing character: There is no ô in font cmr10!
<"Images/Chapter 5/Scenario2".png, id=1215, 1218.5525pt x 700.6175pt>
File: "Images/Chapter 5/Scenario2".png Graphic file (type png)

<use "Images/Chapter 5/Scenario2".png>
Package pdftex.def Info: "Images/Chapter 5/Scenario2".png used on input line 75
9.
(pdftex.def)             Requested size: 293.41507pt x 168.69685pt.

<"Images/Chapter 5/Scenario3".png, id=1216, 1218.5525pt x 700.6175pt>
File: "Images/Chapter 5/Scenario3".png Graphic file (type png)

<use "Images/Chapter 5/Scenario3".png>
Package pdftex.def Info: "Images/Chapter 5/Scenario3".png used on input line 76
7.
(pdftex.def)             Requested size: 293.41507pt x 168.69685pt.
 [67] [68 <./Images/Chapter 5/Scenario2.png> <./Images/Chapter 5/Scenario3.png>
]
Underfull \hbox (badness 10000) in paragraph at lines 789--795

 []

[69] [70] [71]
Chapter 6.
[72

]
Chapter 7.

Overfull \hbox (47.30864pt too wide) in paragraph at lines 832--833
[][][][][][][][][][][][][][][][][][][][][][][][][][][][][] 
 []


Overfull \hbox (47.30864pt too wide) in paragraph at lines 833--834
[][][][][][][][][][][][][][][][][][][][][][][][][][][][][][] 
 []


Overfull \hbox (27.59843pt too wide) in paragraph at lines 834--835
[][][][][][][][][][][][][][][][][][][][][][][][][][][][] 
 []


Overfull \hbox (27.59843pt too wide) in paragraph at lines 837--838
[][][][][][][][][][][][][][][][][][][][][][][][][][][][][] 
 []


Overfull \hbox (7.88823pt too wide) in paragraph at lines 838--839
[][][][][][][][][][][][][][][][][][][][][][][][][] 
 []


Overfull \hbox (1.31816pt too wide) in paragraph at lines 839--840
[][][][][][][][][][][][][][][][][][][][][][][][][] 
 []


Overfull \hbox (27.59843pt too wide) in paragraph at lines 842--843
[][][][][][][][][][][][][][][][][][][][][][][][][][][][] 
 []

LaTeX Font Info:    Try loading font information for OML+cmr on input line 843.

(/usr/share/texlive/texmf-dist/tex/latex/base/omlcmr.fd
File: omlcmr.fd 2014/09/29 v2.5h Standard LaTeX font definitions
)
LaTeX Font Info:    Font shape `OML/cmr/m/n' in size <10.95> not available
(Font)              Font shape `OML/cmm/m/it' tried instead on input line 843.

Overfull \hbox (53.87871pt too wide) in paragraph at lines 843--845
[][][][][][][][][][][][][][][][][][][][][][][][][][][][][][][][][][] 
 []

[73

]
Overfull \hbox (27.59843pt too wide) in paragraph at lines 868--869
[][][][][][][][][][][][][][][][][][][][][][][][][][][][] 
 []

[74]
Overfull \hbox (651.75493pt too wide) in paragraph at lines 894--895
[][][][][][][][][][][][][][][][][][][][][][][][][][][][][][][][][][][][][][][][
][][][][][][][][][][] 
 []


Overfull \hbox (369.24199pt too wide) in paragraph at lines 909--911
[][][][][][][][][][][][][][][][][][][][][][][][][][][][][][][][][][][][][][][] 

 []

[75]
Overfull \hbox (356.10185pt too wide) in paragraph at lines 925--926
[][][][][][][][][][][][][][][][][][][][][][][][][][][][][][][][][][][][][][][] 

 []


Overfull \hbox (356.10185pt too wide) in paragraph at lines 926--927
[][][][][][][][][][][][][][][][][][][][][][][][][][][][][][][][][][][][][][][] 

 []


Overfull \hbox (369.24199pt too wide) in paragraph at lines 941--942
[][][][][][][][][][][][][][][][][][][][][][][][][][][][][][][][][][][][][][][] 

 []


Overfull \hbox (362.67192pt too wide) in paragraph at lines 942--943
[][][][][][][][][][][][][][][][][][][][][][][][][][][][][][][][][][][][][][][] 

 []

[76]
Overfull \hbox (34.1685pt too wide) in paragraph at lines 970--972
[][][][][][][][][][][][][][][][][][][][][][][][][][][][][][][] 
 []


Overfull \hbox (270.69096pt too wide) in paragraph at lines 974--976
[][][][][][][][][][][][][][][][][][][][][][][][][][][][][][][][][][][][][][][][
][][][][][][][][][] 
 []

Missing character: There is no ¬ in font cmr10!
Missing character: There is no † in font cmr10!
Missing character: There is no ¬ in font cmr10!
Missing character: There is no † in font cmr10!
Missing character: There is no ¬ in font cmr10!
Missing character: There is no † in font cmr10!
Missing character: There is no ¬ in font cmr10!
Missing character: There is no † in font cmr10!
Missing character: There is no ¬ in font cmr10!
Missing character: There is no † in font cmr10!
Missing character: There is no ¬ in font cmr10!
Missing character: There is no † in font cmr10!
Missing character: There is no ¬ in font cmr10!
Missing character: There is no † in font cmr10!
Missing character: There is no ¬ in font cmr10!
Missing character: There is no † in font cmr10!
Missing character: There is no ¬ in font cmr10!
Missing character: There is no † in font cmr10!
Missing character: There is no ¬ in font cmr10!
Missing character: There is no † in font cmr10!
Missing character: There is no ¬ in font cmr10!
Missing character: There is no † in font cmr10!
Missing character: There is no ¬ in font cmr10!
Missing character: There is no † in font cmr10!
Missing character: There is no ¬ in font cmr10!
Missing character: There is no † in font cmr10!
Missing character: There is no ¬ in font cmr10!
Missing character: There is no † in font cmr10!

Overfull \hbox (3115.53056pt too wide) in paragraph at lines 979--981
[][][][][][][][][][][][][][][][][][][][][][][][][][][][][][][][][][][][][][][][
][][][][][][][][][][][][][][][][][][][][][][][][][][][][][][][][][][][][][][][]
[][][][][][][][][][][][][][][][][][][][][][][][][][][][][][][][][][][][][][][][
][][][][][][][][][][][][][][][][][][][][][][][][][][][][][][][][][][][][][][][]
[][] 
 []

[77]
Overfull \hbox (336.39165pt too wide) in paragraph at lines 1008--1009
[][][][][][][][][][][][][][][][][][][][][][][][][][][][][][][][][][][][][][][][
][][] 
 []


Overfull \hbox (3726.54692pt too wide) in paragraph at lines 1021--1022
[][][][][][][][][][][][][][][][][][][][][][][][][][][][][][][][][][][][][][][][
][][][][][][][][][][][][][][][][][][][][][][][][][][][][][][][][][][][][][][][]
[][][][][][][][][][][][][][][][][][][][][][][][][][][][][][][][][][][][][][][][
][][][][][][][][][][][][][][][][][][][][][][][][][][][][][][][][][][][][][][][]
[][][][][][][][][][][][][][][][][][][][][][][][][][][][][][][] 
 []


Overfull \hbox (5592.44633pt too wide) in paragraph at lines 1028--1030
[][][][][][][][][][][][][][][][][][][][][][][][][][][][][][][][][][][][][][][][
][][][][][][][][][][][][][][][][][][][][][][][][][][][][][][][][][][][][][][][]
[][][][][][][][][][][][][][][][][][][][][][][][][][][][][][][][][] 
 []

[78]
Overfull \hbox (40.73857pt too wide) in paragraph at lines 1045--1046
[][][][][][][][][]
 []


Overfull \hbox (40.73857pt too wide) in paragraph at lines 1046--1047
[][][][][][][][][]
 []


Overfull \hbox (40.73857pt too wide) in paragraph at lines 1047--1048
[][][][][][][][][][][][]
 []


Overfull \hbox (40.73857pt too wide) in paragraph at lines 1048--1049
[][][][][][][][][]
 []


Overfull \hbox (40.73857pt too wide) in paragraph at lines 1049--1051
[][][][][][][][][][][][][]
 []


Overfull \hbox (67.01884pt too wide) in paragraph at lines 1055--1057
[][][][][][][][][][][][][][][][][][] 
 []


Overfull \hbox (40.73857pt too wide) in paragraph at lines 1059--1060
[][][][][][][][][][][][] 
 []

[79]
Overfull \hbox (126.14946pt too wide) in paragraph at lines 1061--1062
[][][][][][][][][][][][][][][][][][] 
 []


Overfull \hbox (80.15898pt too wide) in paragraph at lines 1062--1063
[][][][][][][][][][][][][][] 
 []


Overfull \hbox (99.86919pt too wide) in paragraph at lines 1063--1064
[][][][][][][][][][][][][][] 
 []


Overfull \hbox (53.87871pt too wide) in paragraph at lines 1064--1066
[][][][][][][][][][][][] 
 []


Overfull \hbox (40.73857pt too wide) in paragraph at lines 1068--1069
[][][][][][][][][][][][] 
 []


Overfull \hbox (40.73857pt too wide) in paragraph at lines 1069--1070
[][][][][][][][][][][][][][][][][][] 
 []


Overfull \hbox (14.4583pt too wide) in paragraph at lines 1076--1077
[][][][][][][][][][][][] 
 []


Overfull \hbox (158.9998pt too wide) in paragraph at lines 1078--1079
[][][][][][][][][][][][][][][][][][][][][][] 
 []


Overfull \hbox (34.1685pt too wide) in paragraph at lines 1079--1080
[][][][][][][][][][][][] 
 []


Overfull \hbox (34.1685pt too wide) in paragraph at lines 1080--1082
[][][][][][][][][][][][] 
 []


Overfull \hbox (113.00932pt too wide) in paragraph at lines 1086--1087
[][][][][][][][][][][][][][][][][][][][][][][][][] 
 []

[80]
Overfull \hbox (99.86919pt too wide) in paragraph at lines 1097--1098
[][][][][][][][][][][][][][][][][][][][][][][][][] 
 []


Overfull \hbox (93.29912pt too wide) in paragraph at lines 1126--1127
[][][][][][][][][][][][][][][][][][][][][][][][][][][][][] 
 []

[81]
Overfull \hbox (40.73857pt too wide) in paragraph at lines 1134--1135
[][][][][][][][][][][][][][][][][][][][][][][][][][][][][][][] 
 []


Overfull \hbox (178.71pt too wide) in paragraph at lines 1139--1140
[][][][][][][][][][][][][][][][][][][][][][][][][][][][][][][][][][][] 
 []


Overfull \hbox (47.30864pt too wide) in paragraph at lines 1145--1146
[][][][][][][][][][][][][][][][][][][][][][][][][][][][][] 
 []


Overfull \hbox (47.30864pt too wide) in paragraph at lines 1146--1147
[][][][][][][][][][][][][][][][][][][][][][][][][][][][][][] 
 []


Overfull \hbox (27.59843pt too wide) in paragraph at lines 1147--1148
[][][][][][][][][][][][][][][][][][][][][][][][][][][][] 
 []


Overfull \hbox (27.59843pt too wide) in paragraph at lines 1150--1151
[][][][][][][][][][][][][][][][][][][][][][][][][][][][][] 
 []


Overfull \hbox (7.88823pt too wide) in paragraph at lines 1151--1152
[][][][][][][][][][][][][][][][][][][][][][][][][] 
 []


Overfull \hbox (1.31816pt too wide) in paragraph at lines 1152--1153
[][][][][][][][][][][][][][][][][][][][][][][][][] 
 []


Overfull \hbox (27.59843pt too wide) in paragraph at lines 1155--1156
[][][][][][][][][][][][][][][][][][][][][][][][][][][][] 
 []


Overfull \hbox (53.87871pt too wide) in paragraph at lines 1156--1158
[][][][][][][][][][][][][][][][][][][][][][][][][][][][][][][][][][] 
 []

[82]
Overfull \hbox (27.59843pt too wide) in paragraph at lines 1181--1182
[][][][][][][][][][][][][][][][][][][][][][] 
 []


Overfull \hbox (27.59843pt too wide) in paragraph at lines 1182--1183
[][][][][][][][][][][][][][][][][][][][][][][][][][][][][][] 
 []


Overfull \hbox (14.4583pt too wide) in paragraph at lines 1186--1187
[][][][][][][][][][][][][][][][][][][][][] 
 []


Overfull \hbox (53.87871pt too wide) in paragraph at lines 1202--1203
[][][][][][][][][][][][][][][][][][][][][][][][][][][][][] 
 []


Overfull \hbox (14.4583pt too wide) in paragraph at lines 1205--1206
[][][][][][][][][][][][][][][][][][] 
 []

[83]
Overfull \hbox (86.72905pt too wide) in paragraph at lines 1213--1214
[][][][][][][][][][][][][][][][][][][][][][][][][][][][] 
 []

[84]
Overfull \hbox (119.57939pt too wide) in paragraph at lines 1253--1255
[][][][][][][][][][][][][][][][][][][][][][][][][][][][][][][] 
 []

[85]
Overfull \hbox (1.31816pt too wide) in paragraph at lines 1297--1298
[][][][][][][][][][][][][][][][][][][][][][][][][][][][][][][][][][][][][][][] 

 []


Overfull \hbox (119.57939pt too wide) in paragraph at lines 1305--1306
[][][][][][][][][][][][][][][][][][][][][][][][][][][][][][][][][][][][][][][][
][][][][][][][][] 
 []

[86]
Overfull \hbox (7.88823pt too wide) in paragraph at lines 1330--1331
[][][][][][][][][][][][][][][][][][][][][][][][][][][][][][][][][][][][][][][][
][][] 
 []


Overfull \hbox (7.88823pt too wide) in paragraph at lines 1342--1343
[][][][][][][][][][][][][][][][][][][][][][][][][][][][][][][][][][][][][][][][
][][] 
 []

[87]
Overfull \hbox (369.24199pt too wide) in paragraph at lines 1350--1351
[][][][][][][][][][][][][][][][][][][][][][][][][][][][][][][][][][][][][][][][
] 
 []


Overfull \hbox (99.86919pt too wide) in paragraph at lines 1372--1373
[][][][][][][][][][][][][][][][][][][][][] 
 []

[88]
Overfull \hbox (14.4583pt too wide) in paragraph at lines 1391--1392
[][][][][][][][][][][][][][][][][][][][][][][][] 
 []


Overfull \hbox (14.4583pt too wide) in paragraph at lines 1394--1395
[][][][][][][][][][][][][][][][][][][][][][][][][] 
 []


Overfull \hbox (60.44878pt too wide) in paragraph at lines 1401--1402
[][][][][][][][][][][][][][][][][][][][][][][][][][][][][][][][][][][][] 
 []


Overfull \hbox (119.57939pt too wide) in paragraph at lines 1410--1411
[][][][][][][][][][][][][][][][][][][][][][][][][][][][][][][] 
 []


Overfull \hbox (40.73857pt too wide) in paragraph at lines 1412--1413
[][][][][][][][][][][][][][][][][][][][][][][][][][][][][][][] 
 []


Overfull \hbox (21.02837pt too wide) in paragraph at lines 1417--1418
[][][][][][][][][][][][][][][][][][][][][][][][][][][][][][] 
 []

[89]
Overfull \hbox (316.68144pt too wide) in paragraph at lines 1434--1435
[][][][][][][][][][][][][][][][][][][][][][][][][][][][][][][][][][][][][][][][
][][][][][][][][][][][] 
 []


Overfull \hbox (99.86919pt too wide) in paragraph at lines 1435--1436
[][][][][][][][][][][][][][][][][][][][][][][][][][][][][][][][][][][][][][] 
 []


Overfull \hbox (211.56035pt too wide) in paragraph at lines 1442--1443
[][][][][][][][][][][][][][][][][][][][][][][][][][][][][][][][][][][][][][][] 

 []


Overfull \hbox (113.00932pt too wide) in paragraph at lines 1450--1451
[][][][][][][][][][][][][][][][][][][][][][][][][][][][][][][][][][][][][][][][
][][][][][] 
 []


Overfull \hbox (106.43925pt too wide) in paragraph at lines 1453--1454
[][][][][][][][][][][][][][][][][][][][][][][][][] 
 []


Overfull \hbox (27.59843pt too wide) in paragraph at lines 1457--1458
[][][][][][][][][][][][][][][][][][][][][][][][][][][][][][][][][][] 
 []

[90]
Overfull \hbox (34.1685pt too wide) in paragraph at lines 1490--1491
[][][][][][][][][][][][][][][][][][][][][][][][][][][][] 
 []

[91]
Overfull \hbox (34.1685pt too wide) in paragraph at lines 1498--1499
[][][][][][][][][][][][][][][][][][][][][][][][][][][][] 
 []


Overfull \hbox (34.1685pt too wide) in paragraph at lines 1506--1507
[][][][][][][][][][][][][][][][][][][][][][][][][][][][] 
 []


Overfull \hbox (270.69096pt too wide) in paragraph at lines 1513--1514
[][][][][][][][][][][][][][][][][][][][][][][][][][][][][][][][][][][][][][][][
][][][] 
 []

[92] [93]
Overfull \hbox (1.31816pt too wide) in paragraph at lines 1567--1568
[][][][][][][][][][][][][][][][][][][][][][][][][][][][] 
 []

<"Images/Chapter 7/s1".png, id=2089, 858.20625pt x 69.25874pt>
File: "Images/Chapter 7/s1".png Graphic file (type png)

<use "Images/Chapter 7/s1".png>
Package pdftex.def Info: "Images/Chapter 7/s1".png used on input line 1578.
(pdftex.def)             Requested size: 419.16621pt x 33.82716pt.

<"Images/Chapter 7/s2".png, id=2090, 914.41624pt x 238.8925pt>
File: "Images/Chapter 7/s2".png Graphic file (type png)

<use "Images/Chapter 7/s2".png>
Package pdftex.def Info: "Images/Chapter 7/s2".png used on input line 1586.
(pdftex.def)             Requested size: 419.16621pt x 109.50548pt.

<"Images/Chapter 7/s3".png, id=2091, 1152.305pt x 55.20625pt>
File: "Images/Chapter 7/s3".png Graphic file (type png)

<use "Images/Chapter 7/s3".png>
Package pdftex.def Info: "Images/Chapter 7/s3".png used on input line 1594.
(pdftex.def)             Requested size: 628.74931pt x 30.12428pt.

Overfull \hbox (209.5831pt too wide) in paragraph at lines 1594--1595
 [] 
 []

<"Images/Chapter 7/s4".png, id=2092, 610.28pt x 112.42pt>
File: "Images/Chapter 7/s4".png Graphic file (type png)

<use "Images/Chapter 7/s4".png>
Package pdftex.def Info: "Images/Chapter 7/s4".png used on input line 1602.
(pdftex.def)             Requested size: 419.16621pt x 77.21822pt.

<"Images/Chapter 7/s5".png, id=2093, 1851.91875pt x 624.3325pt>
File: "Images/Chapter 7/s5".png Graphic file (type png)

<use "Images/Chapter 7/s5".png>
Package pdftex.def Info: "Images/Chapter 7/s5".png used on input line 1610.
(pdftex.def)             Requested size: 544.91734pt x 183.70969pt.

Overfull \hbox (125.75113pt too wide) in paragraph at lines 1610--1611
 [] 
 []

<"Images/Chapter 7/s6".png, id=2094, 639.38875pt x 101.37875pt>
File: "Images/Chapter 7/s6".png Graphic file (type png)

<use "Images/Chapter 7/s6".png>
Package pdftex.def Info: "Images/Chapter 7/s6".png used on input line 1618.
(pdftex.def)             Requested size: 293.41507pt x 46.5234pt.

<"Images/Chapter 7/s7".png, id=2095, 633.36626pt x 84.315pt>
File: "Images/Chapter 7/s7".png Graphic file (type png)

<use "Images/Chapter 7/s7".png>
Package pdftex.def Info: "Images/Chapter 7/s7".png used on input line 1626.
(pdftex.def)             Requested size: 461.08539pt x 61.38217pt.

Overfull \hbox (41.91917pt too wide) in paragraph at lines 1626--1627
 [] 
 []

<"Images/Chapter 7/s8".png, id=2096, 658.46pt x 531.9875pt>
File: "Images/Chapter 7/s8".png Graphic file (type png)

<use "Images/Chapter 7/s8".png>
Package pdftex.def Info: "Images/Chapter 7/s8".png used on input line 1634.
(pdftex.def)             Requested size: 377.24702pt x 304.79459pt.

<"Images/Chapter 7/s9".png, id=2097, 673.51625pt x 497.86pt>
File: "Images/Chapter 7/s9".png Graphic file (type png)

<use "Images/Chapter 7/s9".png>
Package pdftex.def Info: "Images/Chapter 7/s9".png used on input line 1642.
(pdftex.def)             Requested size: 461.08539pt x 340.83453pt.

Overfull \hbox (41.91917pt too wide) in paragraph at lines 1642--1643
 [] 
 []

[94 <./Images/Chapter 7/s1.png> <./Images/Chapter 7/s2.png>] [95 <./Images/Chap
ter 7/s3.png> <./Images/Chapter 7/s4.png> <./Images/Chapter 7/s5.png>] [96 <./I
mages/Chapter 7/s6.png> <./Images/Chapter 7/s7.png>] [97 <./Images/Chapter 7/s8
.png>] [98 <./Images/Chapter 7/s9.png>] (./grad-thesis.bbl [99


]
Missing character: There is no √ in font cmr10!
Missing character: There is no § in font cmr10!
Missing character: There is no √ in font cmr10!
Missing character: There is no ∂ in font cmr10!
 [100]
Underfull \hbox (badness 1005) in paragraph at lines 149--154
[]\OT1/cmr/m/n/10.95 N. Pa-per-not, P. Mc-Daniel, and I. Good-fel-low.  Trans-f
er-abil-ity in Ma-chine
 []

Missing character: There is no √ in font cmr10!
Missing character: There is no § in font cmr10!
[101]
Missing character: There is no √ in font cmr10!
Missing character: There is no ® in font cmr10!
)
Package atveryend Info: Empty hook `BeforeClearDocument' on input line 1655.
 [102]
Package atveryend Info: Empty hook `AfterLastShipout' on input line 1655.
 (./grad-thesis.aux)
Package atveryend Info: Executing hook `AtVeryEndDocument' on input line 1655.
Package atveryend Info: Executing hook `AtEndAfterFileList' on input line 1655.

Package rerunfilecheck Info: File `grad-thesis.out' has not changed.
(rerunfilecheck)             Checksum: CAE213D6C5AA20E628496C50D2CE8D7B;6862.


LaTeX Warning: There were multiply-defined labels.

Package atveryend Info: Empty hook `AtVeryVeryEnd' on input line 1655.
 ) 
Here is how much of TeX's memory you used:
 9541 strings out of 494953
 140006 string characters out of 6180977
 239956 words of memory out of 5000000
 11568 multiletter control sequences out of 15000+600000
 13985 words of font info for 50 fonts, out of 8000000 for 9000
 14 hyphenation exceptions out of 8191
 29i,12n,45p,2025b,1700s stack positions out of 5000i,500n,10000p,200000b,80000s
</usr/share/texlive/texmf-dist/fonts/type1/public/amsfonts/cm/cmbx10.pfb></us
r/share/texlive/texmf-dist/fonts/type1/public/amsfonts/cm/cmbx12.pfb></usr/shar
e/texlive/texmf-dist/fonts/type1/public/amsfonts/cm/cmbxti10.pfb></usr/share/te
xlive/texmf-dist/fonts/type1/public/amsfonts/cm/cmmi10.pfb></usr/share/texlive/
texmf-dist/fonts/type1/public/amsfonts/cm/cmmi8.pfb></usr/share/texlive/texmf-d
ist/fonts/type1/public/amsfonts/cm/cmr10.pfb></usr/share/texlive/texmf-dist/fon
ts/type1/public/amsfonts/cm/cmr12.pfb></usr/share/texlive/texmf-dist/fonts/type
1/public/amsfonts/cm/cmr6.pfb></usr/share/texlive/texmf-dist/fonts/type1/public
/amsfonts/cm/cmr8.pfb></usr/share/texlive/texmf-dist/fonts/type1/public/amsfont
s/cm/cmsl10.pfb></usr/share/texlive/texmf-dist/fonts/type1/public/amsfonts/cm/c
msy10.pfb></usr/share/texlive/texmf-dist/fonts/type1/public/amsfonts/cm/cmsy6.p
fb></usr/share/texlive/texmf-dist/fonts/type1/public/amsfonts/cm/cmsy8.pfb></us
r/share/texlive/texmf-dist/fonts/type1/public/amsfonts/cm/cmti10.pfb></usr/shar
e/texlive/texmf-dist/fonts/type1/public/amsfonts/cm/cmti8.pfb></usr/share/texli
ve/texmf-dist/fonts/type1/public/amsfonts/symbols/msam10.pfb>
Output written on grad-thesis.pdf (114 pages, 1841620 bytes).
PDF statistics:
 2429 PDF objects out of 2487 (max. 8388607)
 2239 compressed objects within 23 object streams
 1105 named destinations out of 1200 (max. 500000)
 917 words of extra memory for PDF output out of 10000 (max. 10000000)

