This is pdfTeX, Version 3.14159265-2.6-1.40.16 (TeX Live 2015/Debian) (preloaded format=pdflatex 2017.11.10)  22 JAN 2018 21:57
entering extended mode
 restricted \write18 enabled.
 %&-line parsing enabled.
**grad-thesis.tex
(./grad-thesis.tex
LaTeX2e <2016/02/01>
Babel <3.9q> and hyphenation patterns for 3 language(s) loaded.
(./RUthesis.cls
Document Class: RUthesis 2012/09/08 v3.0 Ryerson University thesis class
(/usr/share/texlive/texmf-dist/tex/latex/graphics/graphics.sty
Package: graphics 2016/01/03 v1.0q Standard LaTeX Graphics (DPC,SPQR)

(/usr/share/texlive/texmf-dist/tex/latex/graphics/trig.sty
Package: trig 2016/01/03 v1.10 sin cos tan (DPC)
)
(/usr/share/texlive/texmf-dist/tex/latex/latexconfig/graphics.cfg
File: graphics.cfg 2010/04/23 v1.9 graphics configuration of TeX Live
)
Package graphics Info: Driver file: pdftex.def on input line 95.

(/usr/share/texlive/texmf-dist/tex/latex/pdftex-def/pdftex.def
File: pdftex.def 2011/05/27 v0.06d Graphics/color for pdfTeX

(/usr/share/texlive/texmf-dist/tex/generic/oberdiek/infwarerr.sty
Package: infwarerr 2010/04/08 v1.3 Providing info/warning/error messages (HO)
)
(/usr/share/texlive/texmf-dist/tex/generic/oberdiek/ltxcmds.sty
Package: ltxcmds 2011/11/09 v1.22 LaTeX kernel commands for general use (HO)
)
\Gread@gobject=\count79
))
(/usr/share/texlive/texmf-dist/tex/latex/setspace/setspace.sty
Package: setspace 2011/12/19 v6.7a set line spacing
)
(/usr/share/texlive/texmf-dist/tex/latex/fancyhdr/fancyhdr.sty
\fancy@headwidth=\skip41
\f@ncyO@elh=\skip42
\f@ncyO@erh=\skip43
\f@ncyO@olh=\skip44
\f@ncyO@orh=\skip45
\f@ncyO@elf=\skip46
\f@ncyO@erf=\skip47
\f@ncyO@olf=\skip48
\f@ncyO@orf=\skip49
)
(/usr/share/texlive/texmf-dist/tex/latex/base/ifthen.sty
Package: ifthen 2014/09/29 v1.1c Standard LaTeX ifthen package (DPC)
)
(/usr/share/texlive/texmf-dist/tex/latex/cite/cite.sty
LaTeX Info: Redefining \cite on input line 302.
LaTeX Info: Redefining \nocite on input line 332.
Package: cite 2015/02/27  v 5.5
)
(/usr/share/texlive/texmf-dist/tex/latex/base/book.cls
Document Class: book 2014/09/29 v1.4h Standard LaTeX document class
(/usr/share/texlive/texmf-dist/tex/latex/base/bk11.clo
File: bk11.clo 2014/09/29 v1.4h Standard LaTeX file (size option)
)
\c@part=\count80
\c@chapter=\count81
\c@section=\count82
\c@subsection=\count83
\c@subsubsection=\count84
\c@paragraph=\count85
\c@subparagraph=\count86
\c@figure=\count87
\c@table=\count88
\abovecaptionskip=\skip50
\belowcaptionskip=\skip51
\bibindent=\dimen102
)
\RUsignatureheight=\skip52
)
(/usr/share/texlive/texmf-dist/tex/latex/tools/xspace.sty
Package: xspace 2014/10/28 v1.13 Space after command names (DPC,MH)
)
(/usr/share/texlive/texmf-dist/tex/latex/amsmath/amsmath.sty
Package: amsmath 2016/03/03 v2.15a AMS math features
\@mathmargin=\skip53

For additional information on amsmath, use the `?' option.
(/usr/share/texlive/texmf-dist/tex/latex/amsmath/amstext.sty
Package: amstext 2000/06/29 v2.01 AMS text

(/usr/share/texlive/texmf-dist/tex/latex/amsmath/amsgen.sty
File: amsgen.sty 1999/11/30 v2.0 generic functions
\@emptytoks=\toks14
\ex@=\dimen103
))
(/usr/share/texlive/texmf-dist/tex/latex/amsmath/amsbsy.sty
Package: amsbsy 1999/11/29 v1.2d Bold Symbols
\pmbraise@=\dimen104
)
(/usr/share/texlive/texmf-dist/tex/latex/amsmath/amsopn.sty
Package: amsopn 1999/12/14 v2.01 operator names
)
\inf@bad=\count89
LaTeX Info: Redefining \frac on input line 199.
\uproot@=\count90
\leftroot@=\count91
LaTeX Info: Redefining \overline on input line 297.
\classnum@=\count92
\DOTSCASE@=\count93
LaTeX Info: Redefining \ldots on input line 394.
LaTeX Info: Redefining \dots on input line 397.
LaTeX Info: Redefining \cdots on input line 518.
\Mathstrutbox@=\box26
\strutbox@=\box27
\big@size=\dimen105
LaTeX Font Info:    Redeclaring font encoding OML on input line 630.
LaTeX Font Info:    Redeclaring font encoding OMS on input line 631.
\macc@depth=\count94
\c@MaxMatrixCols=\count95
\dotsspace@=\muskip10
\c@parentequation=\count96
\dspbrk@lvl=\count97
\tag@help=\toks15
\row@=\count98
\column@=\count99
\maxfields@=\count100
\andhelp@=\toks16
\eqnshift@=\dimen106
\alignsep@=\dimen107
\tagshift@=\dimen108
\tagwidth@=\dimen109
\totwidth@=\dimen110
\lineht@=\dimen111
\@envbody=\toks17
\multlinegap=\skip54
\multlinetaggap=\skip55
\mathdisplay@stack=\toks18
LaTeX Info: Redefining \[ on input line 2735.
LaTeX Info: Redefining \] on input line 2736.
)
(/usr/share/texlive/texmf-dist/tex/latex/amsfonts/amssymb.sty
Package: amssymb 2013/01/14 v3.01 AMS font symbols

(/usr/share/texlive/texmf-dist/tex/latex/amsfonts/amsfonts.sty
Package: amsfonts 2013/01/14 v3.01 Basic AMSFonts support
\symAMSa=\mathgroup4
\symAMSb=\mathgroup5
LaTeX Font Info:    Overwriting math alphabet `\mathfrak' in version `bold'
(Font)                  U/euf/m/n --> U/euf/b/n on input line 106.
))
(/usr/share/texlive/texmf-dist/tex/latex/SIunits/SIunits.sty
Package: SIunits 2007/12/02 v1.36 Support for the International System of units
 (MH)


\@qskwidth=\skip56
\symgreek=\mathgroup6
(/usr/share/texlive/texmf-dist/tex/latex/SIunits/SIunits.cfg)
Option `squaren' provided!
) (/usr/share/texlive/texmf-dist/tex/latex/hyperref/hyperref.sty
Package: hyperref 2012/11/06 v6.83m Hypertext links for LaTeX

(/usr/share/texlive/texmf-dist/tex/generic/oberdiek/hobsub-hyperref.sty
Package: hobsub-hyperref 2012/05/28 v1.13 Bundle oberdiek, subset hyperref (HO)


(/usr/share/texlive/texmf-dist/tex/generic/oberdiek/hobsub-generic.sty
Package: hobsub-generic 2012/05/28 v1.13 Bundle oberdiek, subset generic (HO)
Package: hobsub 2012/05/28 v1.13 Construct package bundles (HO)
Package hobsub Info: Skipping package `infwarerr' (already loaded).
Package hobsub Info: Skipping package `ltxcmds' (already loaded).
Package: ifluatex 2010/03/01 v1.3 Provides the ifluatex switch (HO)
Package ifluatex Info: LuaTeX not detected.
Package: ifvtex 2010/03/01 v1.5 Detect VTeX and its facilities (HO)
Package ifvtex Info: VTeX not detected.
Package: intcalc 2007/09/27 v1.1 Expandable calculations with integers (HO)
Package: ifpdf 2011/01/30 v2.3 Provides the ifpdf switch (HO)
Package ifpdf Info: pdfTeX in PDF mode is detected.
Package: etexcmds 2011/02/16 v1.5 Avoid name clashes with e-TeX commands (HO)
Package etexcmds Info: Could not find \expanded.
(etexcmds)             That can mean that you are not using pdfTeX 1.50 or
(etexcmds)             that some package has redefined \expanded.
(etexcmds)             In the latter case, load this package earlier.
Package: kvsetkeys 2012/04/25 v1.16 Key value parser (HO)
Package: kvdefinekeys 2011/04/07 v1.3 Define keys (HO)
Package: pdftexcmds 2011/11/29 v0.20 Utility functions of pdfTeX for LuaTeX (HO
)
Package pdftexcmds Info: LuaTeX not detected.
Package pdftexcmds Info: \pdf@primitive is available.
Package pdftexcmds Info: \pdf@ifprimitive is available.
Package pdftexcmds Info: \pdfdraftmode found.
Package: pdfescape 2011/11/25 v1.13 Implements pdfTeX's escape features (HO)
Package: bigintcalc 2012/04/08 v1.3 Expandable calculations on big integers (HO
)
Package: bitset 2011/01/30 v1.1 Handle bit-vector datatype (HO)
Package: uniquecounter 2011/01/30 v1.2 Provide unlimited unique counter (HO)
)
Package hobsub Info: Skipping package `hobsub' (already loaded).
Package: letltxmacro 2010/09/02 v1.4 Let assignment for LaTeX macros (HO)
Package: hopatch 2012/05/28 v1.2 Wrapper for package hooks (HO)
Package: xcolor-patch 2011/01/30 xcolor patch
Package: atveryend 2011/06/30 v1.8 Hooks at the very end of document (HO)
Package atveryend Info: \enddocument detected (standard20110627).
Package: atbegshi 2011/10/05 v1.16 At begin shipout hook (HO)
Package: refcount 2011/10/16 v3.4 Data extraction from label references (HO)
Package: hycolor 2011/01/30 v1.7 Color options for hyperref/bookmark (HO)
)
(/usr/share/texlive/texmf-dist/tex/latex/graphics/keyval.sty
Package: keyval 2014/10/28 v1.15 key=value parser (DPC)
\KV@toks@=\toks19
)
(/usr/share/texlive/texmf-dist/tex/generic/ifxetex/ifxetex.sty
Package: ifxetex 2010/09/12 v0.6 Provides ifxetex conditional
)
(/usr/share/texlive/texmf-dist/tex/latex/oberdiek/auxhook.sty
Package: auxhook 2011/03/04 v1.3 Hooks for auxiliary files (HO)
)
(/usr/share/texlive/texmf-dist/tex/latex/oberdiek/kvoptions.sty
Package: kvoptions 2011/06/30 v3.11 Key value format for package options (HO)
)
\@linkdim=\dimen112
\Hy@linkcounter=\count101
\Hy@pagecounter=\count102

(/usr/share/texlive/texmf-dist/tex/latex/hyperref/pd1enc.def
File: pd1enc.def 2012/11/06 v6.83m Hyperref: PDFDocEncoding definition (HO)
)
\Hy@SavedSpaceFactor=\count103

(/usr/share/texlive/texmf-dist/tex/latex/latexconfig/hyperref.cfg
File: hyperref.cfg 2002/06/06 v1.2 hyperref configuration of TeXLive
)
Package hyperref Info: Hyper figures OFF on input line 4443.
Package hyperref Info: Link nesting OFF on input line 4448.
Package hyperref Info: Hyper index ON on input line 4451.
Package hyperref Info: Plain pages OFF on input line 4458.
Package hyperref Info: Backreferencing OFF on input line 4463.
Package hyperref Info: Implicit mode ON; LaTeX internals redefined.
Package hyperref Info: Bookmarks ON on input line 4688.
\c@Hy@tempcnt=\count104

(/usr/share/texlive/texmf-dist/tex/latex/url/url.sty
\Urlmuskip=\muskip11
Package: url 2013/09/16  ver 3.4  Verb mode for urls, etc.
)
LaTeX Info: Redefining \url on input line 5041.
\XeTeXLinkMargin=\dimen113
\Fld@menulength=\count105
\Field@Width=\dimen114
\Fld@charsize=\dimen115
Package hyperref Info: Hyper figures OFF on input line 6295.
Package hyperref Info: Link nesting OFF on input line 6300.
Package hyperref Info: Hyper index ON on input line 6303.
Package hyperref Info: backreferencing OFF on input line 6310.
Package hyperref Info: Link coloring OFF on input line 6315.
Package hyperref Info: Link coloring with OCG OFF on input line 6320.
Package hyperref Info: PDF/A mode OFF on input line 6325.
LaTeX Info: Redefining \ref on input line 6365.
LaTeX Info: Redefining \pageref on input line 6369.
\Hy@abspage=\count106
\c@Item=\count107
\c@Hfootnote=\count108
)

Package hyperref Message: Driver (autodetected): hpdftex.

(/usr/share/texlive/texmf-dist/tex/latex/hyperref/hpdftex.def
File: hpdftex.def 2012/11/06 v6.83m Hyperref driver for pdfTeX
\Fld@listcount=\count109
\c@bookmark@seq@number=\count110

(/usr/share/texlive/texmf-dist/tex/latex/oberdiek/rerunfilecheck.sty
Package: rerunfilecheck 2011/04/15 v1.7 Rerun checks for auxiliary files (HO)
Package uniquecounter Info: New unique counter `rerunfilecheck' on input line 2
82.
)
\Hy@SectionHShift=\skip57
)
(/usr/share/texlive/texmf-dist/tex/latex/graphics/graphicx.sty
Package: graphicx 2014/10/28 v1.0g Enhanced LaTeX Graphics (DPC,SPQR)
\Gin@req@height=\dimen116
\Gin@req@width=\dimen117
)
Package hyperref Info: Option `colorlinks' set `true' on input line 15.

(./grad-thesis.aux

LaTeX Warning: Label `fig:optimization' multiply defined.

)
\openout1 = `grad-thesis.aux'.

LaTeX Font Info:    Checking defaults for OML/cmm/m/it on input line 63.
LaTeX Font Info:    ... okay on input line 63.
LaTeX Font Info:    Checking defaults for T1/cmr/m/n on input line 63.
LaTeX Font Info:    ... okay on input line 63.
LaTeX Font Info:    Checking defaults for OT1/cmr/m/n on input line 63.
LaTeX Font Info:    ... okay on input line 63.
LaTeX Font Info:    Checking defaults for OMS/cmsy/m/n on input line 63.
LaTeX Font Info:    ... okay on input line 63.
LaTeX Font Info:    Checking defaults for OMX/cmex/m/n on input line 63.
LaTeX Font Info:    ... okay on input line 63.
LaTeX Font Info:    Checking defaults for U/cmr/m/n on input line 63.
LaTeX Font Info:    ... okay on input line 63.
LaTeX Font Info:    Checking defaults for TS1/cmr/m/n on input line 63.
LaTeX Font Info:    Try loading font information for TS1+cmr on input line 63.
 (/usr/share/texlive/texmf-dist/tex/latex/base/ts1cmr.fd
File: ts1cmr.fd 2014/09/29 v2.5h Standard LaTeX font definitions
)
LaTeX Font Info:    ... okay on input line 63.
LaTeX Font Info:    Checking defaults for PD1/pdf/m/n on input line 63.
LaTeX Font Info:    ... okay on input line 63.

(/usr/share/texlive/texmf-dist/tex/context/base/supp-pdf.mkii
[Loading MPS to PDF converter (version 2006.09.02).]
\scratchcounter=\count111
\scratchdimen=\dimen118
\scratchbox=\box28
\nofMPsegments=\count112
\nofMParguments=\count113
\everyMPshowfont=\toks20
\MPscratchCnt=\count114
\MPscratchDim=\dimen119
\MPnumerator=\count115
\makeMPintoPDFobject=\count116
\everyMPtoPDFconversion=\toks21
) (/usr/share/texlive/texmf-dist/tex/latex/oberdiek/epstopdf-base.sty
Package: epstopdf-base 2010/02/09 v2.5 Base part for package epstopdf

(/usr/share/texlive/texmf-dist/tex/latex/oberdiek/grfext.sty
Package: grfext 2010/08/19 v1.1 Manage graphics extensions (HO)
)
Package grfext Info: Graphics extension search list:
(grfext)             [.png,.pdf,.jpg,.mps,.jpeg,.jbig2,.jb2,.PNG,.PDF,.JPG,.JPE
G,.JBIG2,.JB2,.eps]
(grfext)             \AppendGraphicsExtensions on input line 452.

(/usr/share/texlive/texmf-dist/tex/latex/latexconfig/epstopdf-sys.cfg
File: epstopdf-sys.cfg 2010/07/13 v1.3 Configuration of (r)epstopdf for TeX Liv
e
))
Option `squaren' provided! 
 Command \squaren defined by SIunits package!

\AtBeginShipoutBox=\box29
(/usr/share/texlive/texmf-dist/tex/latex/graphics/color.sty
Package: color 2016/01/03 v1.1b Standard LaTeX Color (DPC)

(/usr/share/texlive/texmf-dist/tex/latex/latexconfig/color.cfg
File: color.cfg 2007/01/18 v1.5 color configuration of teTeX/TeXLive
)
Package color Info: Driver file: pdftex.def on input line 143.
)
Package hyperref Info: Link coloring ON on input line 63.

(/usr/share/texlive/texmf-dist/tex/latex/hyperref/nameref.sty
Package: nameref 2012/10/27 v2.43 Cross-referencing by name of section

(/usr/share/texlive/texmf-dist/tex/generic/oberdiek/gettitlestring.sty
Package: gettitlestring 2010/12/03 v1.4 Cleanup title references (HO)
)
\c@section@level=\count117
)
LaTeX Info: Redefining \ref on input line 63.
LaTeX Info: Redefining \pageref on input line 63.
LaTeX Info: Redefining \nameref on input line 63.

(./grad-thesis.out) (./grad-thesis.out)
\@outlinefile=\write3
\openout3 = `grad-thesis.out'.

LaTeX Font Info:    Try loading font information for OMS+cmr on input line 66.

(/usr/share/texlive/texmf-dist/tex/latex/base/omscmr.fd
File: omscmr.fd 2014/09/29 v2.5h Standard LaTeX font definitions
)
LaTeX Font Info:    Font shape `OMS/cmr/m/n' in size <10.95> not available
(Font)              Font shape `OMS/cmsy/m/n' tried instead on input line 66.
 [1



{/var/lib/texmf/fonts/map/pdftex/updmap/pdftex.map}] [2


] [3

] [4

] [5

] (./grad-thesis.toc
LaTeX Font Info:    Try loading font information for U+msa on input line 2.

(/usr/share/texlive/texmf-dist/tex/latex/amsfonts/umsa.fd
File: umsa.fd 2013/01/14 v3.01 AMS symbols A
)
LaTeX Font Info:    Try loading font information for U+msb on input line 2.

(/usr/share/texlive/texmf-dist/tex/latex/amsfonts/umsb.fd
File: umsb.fd 2013/01/14 v3.01 AMS symbols B
) [6


] [7] [8])
\tf@toc=\write4
\openout4 = `grad-thesis.toc'.


[9] (./grad-thesis.lot)
\tf@lot=\write5
\openout5 = `grad-thesis.lot'.

 [10


] (./grad-thesis.lof)
\tf@lof=\write6
\openout6 = `grad-thesis.lof'.

 [11



]
Chapter 1.
Missing character: There is no ‚ in font cmr10!
Missing character: There is no Ä in font cmr10!
Missing character: There is no ô in font cmr10!
pdfTeX warning (ext4): destination with the same identifier (name{page.1}) has 
been already used, duplicate ignored
<to be read again> 
                   \relax 
l.72 \section
             {The Problem at a Glance} [1



]
Missing character: There is no ‚ in font cmr10!
Missing character: There is no Ä in font cmr10!
Missing character: There is no ô in font cmr10!
Missing character: There is no ‚ in font cmr10!
Missing character: There is no Ä in font cmr10!
Missing character: There is no ô in font cmr10!
Missing character: There is no ‚ in font cmr10!
Missing character: There is no Ä in font cmr10!
Missing character: There is no ô in font cmr10!
Missing character: There is no ‚ in font cmr10!
Missing character: There is no Ä in font cmr10!
Missing character: There is no ô in font cmr10!


Package Fancyhdr Warning: \headheight is too small (12.0pt): 
 Make it at least 13.59999pt.
 We now make it that large for the rest of the document.
 This may cause the page layout to be inconsistent, however.

[2] [3]
Underfull \hbox (badness 10000) in paragraph at lines 80--83

 []


Underfull \hbox (badness 10000) in paragraph at lines 80--83

 []

Missing character: There is no ‚ in font cmr10!
Missing character: There is no Ä in font cmr10!
Missing character: There is no ú in font cmr10!
Missing character: There is no ‚ in font cmr10!
Missing character: There is no Ä in font cmr10!
Missing character: There is no ù in font cmr10!
[4] [5]
Chapter 2.
<"Images/Chapter 2/AdversarialExample".png, id=576, 514.92375pt x 269.005pt>
File: "Images/Chapter 2/AdversarialExample".png Graphic file (type png)

<use "Images/Chapter 2/AdversarialExample".png>
Package pdftex.def Info: "Images/Chapter 2/AdversarialExample".png used on inpu
t line 117.
(pdftex.def)             Requested size: 227.62pt x 227.62505pt.
 [6

]

LaTeX Warning: `h' float specifier changed to `ht'.

[7]
Underfull \hbox (badness 10000) in paragraph at lines 125--131

 []


Underfull \hbox (badness 10000) in paragraph at lines 125--131

 []


Underfull \hbox (badness 10000) in paragraph at lines 125--131

 []


Underfull \hbox (badness 10000) in paragraph at lines 125--131

 []


Underfull \hbox (badness 10000) in paragraph at lines 125--131

 []

[8 <./Images/Chapter 2/AdversarialExample.png>]
Underfull \hbox (badness 10000) in paragraph at lines 132--133

 []


Underfull \hbox (badness 10000) in paragraph at lines 134--135

 []

[9]
<"Images/Chapter 2/SuccessRateAdversary".png, id=617, 557.08125pt x 413.545pt>
File: "Images/Chapter 2/SuccessRateAdversary".png Graphic file (type png)

<use "Images/Chapter 2/SuccessRateAdversary".png>
Package pdftex.def Info: "Images/Chapter 2/SuccessRateAdversary".png used on in
put line 146.
(pdftex.def)             Requested size: 213.39314pt x 213.39767pt.

Underfull \hbox (badness 10000) in paragraph at lines 141--153

 []


Underfull \hbox (badness 10000) in paragraph at lines 141--153

 []


LaTeX Warning: `h' float specifier changed to `ht'.

[10] [11 <./Images/Chapter 2/SuccessRateAdversary.png>]
<"Images/Chapter 2/BlackBox".png, id=636, 252.945pt x 167.62625pt>
File: "Images/Chapter 2/BlackBox".png Graphic file (type png)

<use "Images/Chapter 2/BlackBox".png>
Package pdftex.def Info: "Images/Chapter 2/BlackBox".png used on input line 157
.
(pdftex.def)             Requested size: 213.39865pt x 213.3945pt.

<"Images/Chapter 2/optimization".png, id=643, 487.8225pt x 36.135pt>
File: "Images/Chapter 2/optimization".png Graphic file (type png)

<use "Images/Chapter 2/optimization".png>
Package pdftex.def Info: "Images/Chapter 2/optimization".png used on input line
 167.
(pdftex.def)             Requested size: 341.4362pt x 18.49365pt.
 [12 <./Images/Chapter 2/BlackBox.png>] [13 <./Images/Chapter 2/optimization.pn
g>]

LaTeX Warning: Citation `T' on page 14 undefined on input line 179.

[14]
<"Images/Chapter 2/algoirthm-training".png, id=679, 413.545pt x 290.08376pt>
File: "Images/Chapter 2/algoirthm-training".png Graphic file (type png)

<use "Images/Chapter 2/algoirthm-training".png>
Package pdftex.def Info: "Images/Chapter 2/algoirthm-training".png used on inpu
t line 185.
(pdftex.def)             Requested size: 341.43753pt x 284.54572pt.


LaTeX Warning: `h' float specifier changed to `ht'.

[15] [16 <./Images/Chapter 2/algoirthm-training.png>] [17] [18]
<"Images/Chapter 2/honeypot".jpg, id=725, 350.81062pt x 412.54124pt>
File: "Images/Chapter 2/honeypot".jpg Graphic file (type jpg)

<use "Images/Chapter 2/honeypot".jpg>
Package pdftex.def Info: "Images/Chapter 2/honeypot".jpg used on input line 209
.
(pdftex.def)             Requested size: 213.39998pt x 213.3959pt.
 [19 <./Images/Chapter 2/honeypot.jpg>]
[20] [21] [22]
<"Images/Chapter 2/LowInterHP".png, id=765, 345.29pt x 340.27126pt>
File: "Images/Chapter 2/LowInterHP".png Graphic file (type png)

<use "Images/Chapter 2/LowInterHP".png>
Package pdftex.def Info: "Images/Chapter 2/LowInterHP".png used on input line 2
79.
(pdftex.def)             Requested size: 213.3979pt x 213.3959pt.


LaTeX Warning: `h' float specifier changed to `ht'.

<"Images/Chapter 2/HighInterHP".png, id=767, 343.2825pt x 354.32375pt>
File: "Images/Chapter 2/HighInterHP".png Graphic file (type png)

<use "Images/Chapter 2/HighInterHP".png>
Package pdftex.def Info: "Images/Chapter 2/HighInterHP".png used on input line 
289.
(pdftex.def)             Requested size: 213.39342pt x 213.40146pt.
 [23]

LaTeX Warning: `h' float specifier changed to `ht'.


Underfull \hbox (badness 10000) in paragraph at lines 296--300

 []

[24 <./Images/Chapter 2/LowInterHP.png>]
File: "Images/Chapter 2/optimization".png Graphic file (type png)

<use "Images/Chapter 2/optimization".png>
Package pdftex.def Info: "Images/Chapter 2/optimization".png used on input line
 308.
(pdftex.def)             Requested size: 341.4362pt x 18.49365pt.
 [25 <./Images/Chapter 2/HighInterHP.png>] [26]
Chapter 3.
[27

] [28] [29] [30]
Chapter 4.
[31

]
Overfull \vbox (23.6172pt too high) has occurred while \output is active []


[32]

LaTeX Warning: Citation `nowak-may' on page 33 undefined on input line 381.


LaTeX Warning: Citation `perelson02' on page 33 undefined on input line 381.


LaTeX Warning: Citation `bonhoeffer97' on page 33 undefined on input line 381.

<myfig.pdf, id=837, 810.02625pt x 545.03625pt>
File: myfig.pdf Graphic file (type pdf)
 <use myfig.pdf>
Package pdftex.def Info: myfig.pdf used on input line 396.
(pdftex.def)             Requested size: 810.02426pt x 545.03493pt.
File: myfig.pdf Graphic file (type pdf)
 <use myfig.pdf>
Package pdftex.def Info: myfig.pdf used on input line 397.
(pdftex.def)             Requested size: 810.02426pt x 545.03493pt.
File: myfig.pdf Graphic file (type pdf)

<use myfig.pdf>
Package pdftex.def Info: myfig.pdf used on input line 398.
(pdftex.def)             Requested size: 810.02426pt x 545.03493pt.


LaTeX Warning: Reference `params' on page 33 undefined on input line 400.


LaTeX Warning: Reference `params' on page 33 undefined on input line 400.

[33]

LaTeX Warning: Reference `params' on page 34 undefined on input line 405.

[34 <./myfig.pdf>]
Chapter 5.
[35

]
Chapter 6.
[36

]
Appendix A.
[37

]
Appendix B.
[38

]
Appendix C.

Package hyperref Warning: Difference (2) between bookmark levels is greater 
(hyperref)                than one, level fixed on input line 435.

[39

]
Appendix D.
[40

] (./grad-thesis.bbl [41


]
Missing character: There is no √ in font cmr10!
Missing character: There is no § in font cmr10!
Missing character: There is no √ in font cmr10!
Missing character: There is no ∂ in font cmr10!

Underfull \hbox (badness 1005) in paragraph at lines 97--102
[]\OT1/cmr/m/n/10.95 N. Pa-per-not, P. Mc-Daniel, and I. Good-fel-low.  Trans-f
er-abil-ity in Ma-chine
 []

Missing character: There is no √ in font cmr10!
Missing character: There is no § in font cmr10!
[42]
Missing character: There is no √ in font cmr10!
Missing character: There is no ® in font cmr10!
)
Package atveryend Info: Empty hook `BeforeClearDocument' on input line 457.
 [43]
Package atveryend Info: Empty hook `AfterLastShipout' on input line 457.
 (./grad-thesis.aux)
Package atveryend Info: Executing hook `AtVeryEndDocument' on input line 457.
Package atveryend Info: Executing hook `AtEndAfterFileList' on input line 457.
Package rerunfilecheck Info: File `grad-thesis.out' has not changed.
(rerunfilecheck)             Checksum: 82B08D3CDDB27FBF1D6CE5B7D1347D2A;6287.


LaTeX Warning: There were undefined references.


LaTeX Warning: There were multiply-defined labels.

Package atveryend Info: Empty hook `AtVeryVeryEnd' on input line 457.
 ) 
Here is how much of TeX's memory you used:
 7310 strings out of 494953
 104537 string characters out of 6180976
 190567 words of memory out of 5000000
 10276 multiletter control sequences out of 15000+600000
 13985 words of font info for 50 fonts, out of 8000000 for 9000
 14 hyphenation exceptions out of 8191
 29i,11n,45p,2025b,432s stack positions out of 5000i,500n,10000p,200000b,80000s
</usr/share/texlive/texmf-dist/fonts/type1/public/amsfonts/cm/cmbx10.pfb></us
r/share/texlive/texmf-dist/fonts/type1/public/amsfonts/cm/cmbx12.pfb></usr/shar
e/texlive/texmf-dist/fonts/type1/public/amsfonts/cm/cmbxti10.pfb></usr/share/te
xlive/texmf-dist/fonts/type1/public/amsfonts/cm/cmmi10.pfb></usr/share/texlive/
texmf-dist/fonts/type1/public/amsfonts/cm/cmmi8.pfb></usr/share/texlive/texmf-d
ist/fonts/type1/public/amsfonts/cm/cmr10.pfb></usr/share/texlive/texmf-dist/fon
ts/type1/public/amsfonts/cm/cmr12.pfb></usr/share/texlive/texmf-dist/fonts/type
1/public/amsfonts/cm/cmr8.pfb></usr/share/texlive/texmf-dist/fonts/type1/public
/amsfonts/cm/cmsl10.pfb></usr/share/texlive/texmf-dist/fonts/type1/public/amsfo
nts/cm/cmsy10.pfb></usr/share/texlive/texmf-dist/fonts/type1/public/amsfonts/cm
/cmsy6.pfb></usr/share/texlive/texmf-dist/fonts/type1/public/amsfonts/cm/cmsy8.
pfb></usr/share/texlive/texmf-dist/fonts/type1/public/amsfonts/cm/cmti10.pfb>
Output written on grad-thesis.pdf (54 pages, 600024 bytes).
PDF statistics:
 976 PDF objects out of 1000 (max. 8388607)
 888 compressed objects within 9 object streams
 203 named destinations out of 1000 (max. 500000)
 774 words of extra memory for PDF output out of 10000 (max. 10000000)

